2021-11-05 16:05:42.968  INFO 24584 --- [main] t.esprit.spring.controller.EmployeeTest  : Starting EmployeeTest on hamza-GF63-Thin-10SCXR with PID 24584 (started by hamza in /home/hamza/Downloads/Timesheet-spring-boot-core-data-jpa-mvc-REST-1)
2021-11-05 16:05:42.976  INFO 24584 --- [main] t.esprit.spring.controller.EmployeeTest  : No active profile set, falling back to default profiles: default
2021-11-05 16:05:43.561  INFO 24584 --- [main] .s.d.r.c.RepositoryConfigurationDelegate : Bootstrapping Spring Data repositories in DEFAULT mode.
2021-11-05 16:05:43.614  INFO 24584 --- [main] .s.d.r.c.RepositoryConfigurationDelegate : Finished Spring Data repository scanning in 46ms. Found 6 repository interfaces.
2021-11-05 16:05:43.946  INFO 24584 --- [main] trationDelegate$BeanPostProcessorChecker : Bean 'org.springframework.transaction.annotation.ProxyTransactionManagementConfiguration' of type [org.springframework.transaction.annotation.ProxyTransactionManagementConfiguration$$EnhancerBySpringCGLIB$$89bd0878] is not eligible for getting processed by all BeanPostProcessors (for example: not eligible for auto-proxying)
2021-11-05 16:05:44.113  INFO 24584 --- [main] com.zaxxer.hikari.HikariDataSource       : HikariPool-1 - Starting...
2021-11-05 16:05:44.235  INFO 24584 --- [main] com.zaxxer.hikari.HikariDataSource       : HikariPool-1 - Start completed.
2021-11-05 16:05:44.306  INFO 24584 --- [main] o.hibernate.jpa.internal.util.LogHelper  : HHH000204: Processing PersistenceUnitInfo [
	name: default
	...]
2021-11-05 16:05:44.364  INFO 24584 --- [main] org.hibernate.Version                    : HHH000412: Hibernate Core {5.3.9.Final}
2021-11-05 16:05:44.366  INFO 24584 --- [main] org.hibernate.cfg.Environment            : HHH000206: hibernate.properties not found
2021-11-05 16:05:44.476  INFO 24584 --- [main] o.hibernate.annotations.common.Version   : HCANN000001: Hibernate Commons Annotations {5.0.4.Final}
2021-11-05 16:05:44.557  INFO 24584 --- [main] org.hibernate.dialect.Dialect            : HHH000400: Using dialect: org.hibernate.dialect.MySQL5Dialect
2021-11-05 16:05:45.152  INFO 24584 --- [main] j.LocalContainerEntityManagerFactoryBean : Initialized JPA EntityManagerFactory for persistence unit 'default'
2021-11-05 16:05:45.327  INFO 24584 --- [main] o.h.h.i.QueryTranslatorFactoryInitiator  : HHH000397: Using ASTQueryTranslatorFactory
2021-11-05 16:05:46.048  INFO 24584 --- [main] o.s.s.concurrent.ThreadPoolTaskExecutor  : Initializing ExecutorService 'applicationTaskExecutor'
2021-11-05 16:05:46.102  WARN 24584 --- [main] aWebConfiguration$JpaWebMvcConfiguration : spring.jpa.open-in-view is enabled by default. Therefore, database queries may be performed during view rendering. Explicitly configure spring.jpa.open-in-view to disable this warning
2021-11-05 16:05:46.412  INFO 24584 --- [main] t.esprit.spring.controller.EmployeeTest  : Started EmployeeTest in 3.775 seconds (JVM running for 4.544)
2021-11-05 16:05:47.159  INFO 24584 --- [Thread-1] o.s.s.concurrent.ThreadPoolTaskExecutor  : Shutting down ExecutorService 'applicationTaskExecutor'
2021-11-05 16:05:47.160  INFO 24584 --- [Thread-1] j.LocalContainerEntityManagerFactoryBean : Closing JPA EntityManagerFactory for persistence unit 'default'
2021-11-05 16:05:47.163  INFO 24584 --- [Thread-1] com.zaxxer.hikari.HikariDataSource       : HikariPool-1 - Shutdown initiated...
2021-11-05 16:05:47.166  INFO 24584 --- [Thread-1] com.zaxxer.hikari.HikariDataSource       : HikariPool-1 - Shutdown completed.
