2021-10-31 13:14:30.102  INFO 12003 --- [main] t.esprit.spring.controller.EmployeeTest  : Starting EmployeeTest on hamza-GF63-Thin-10SCXR with PID 12003 (started by hamza in /home/hamza/Downloads/Timesheet-spring-boot-core-data-jpa-mvc-REST-1)
2021-10-31 13:14:30.107  INFO 12003 --- [main] t.esprit.spring.controller.EmployeeTest  : No active profile set, falling back to default profiles: default
2021-10-31 13:14:30.576  INFO 12003 --- [main] .s.d.r.c.RepositoryConfigurationDelegate : Bootstrapping Spring Data repositories in DEFAULT mode.
2021-10-31 13:14:30.624  INFO 12003 --- [main] .s.d.r.c.RepositoryConfigurationDelegate : Finished Spring Data repository scanning in 43ms. Found 6 repository interfaces.
2021-10-31 13:14:30.864  INFO 12003 --- [main] trationDelegate$BeanPostProcessorChecker : Bean 'org.springframework.transaction.annotation.ProxyTransactionManagementConfiguration' of type [org.springframework.transaction.annotation.ProxyTransactionManagementConfiguration$$EnhancerBySpringCGLIB$$77b6cfe5] is not eligible for getting processed by all BeanPostProcessors (for example: not eligible for auto-proxying)
2021-10-31 13:14:31.009  INFO 12003 --- [main] com.zaxxer.hikari.HikariDataSource       : HikariPool-1 - Starting...
2021-10-31 13:14:31.111  INFO 12003 --- [main] com.zaxxer.hikari.HikariDataSource       : HikariPool-1 - Start completed.
2021-10-31 13:14:31.154  INFO 12003 --- [main] o.hibernate.jpa.internal.util.LogHelper  : HHH000204: Processing PersistenceUnitInfo [
	name: default
	...]
2021-10-31 13:14:31.200  INFO 12003 --- [main] org.hibernate.Version                    : HHH000412: Hibernate Core {5.3.9.Final}
2021-10-31 13:14:31.201  INFO 12003 --- [main] org.hibernate.cfg.Environment            : HHH000206: hibernate.properties not found
2021-10-31 13:14:31.310  INFO 12003 --- [main] o.hibernate.annotations.common.Version   : HCANN000001: Hibernate Commons Annotations {5.0.4.Final}
2021-10-31 13:14:31.414  INFO 12003 --- [main] org.hibernate.dialect.Dialect            : HHH000400: Using dialect: org.hibernate.dialect.MySQL5Dialect
2021-10-31 13:14:31.979  INFO 12003 --- [main] j.LocalContainerEntityManagerFactoryBean : Initialized JPA EntityManagerFactory for persistence unit 'default'
2021-10-31 13:14:32.132  INFO 12003 --- [main] o.h.h.i.QueryTranslatorFactoryInitiator  : HHH000397: Using ASTQueryTranslatorFactory
2021-10-31 13:14:32.657  INFO 12003 --- [main] o.s.s.concurrent.ThreadPoolTaskExecutor  : Initializing ExecutorService 'applicationTaskExecutor'
2021-10-31 13:14:32.690  WARN 12003 --- [main] aWebConfiguration$JpaWebMvcConfiguration : spring.jpa.open-in-view is enabled by default. Therefore, database queries may be performed during view rendering. Explicitly configure spring.jpa.open-in-view to disable this warning
2021-10-31 13:14:32.905  INFO 12003 --- [main] t.esprit.spring.controller.EmployeeTest  : Started EmployeeTest in 3.002 seconds (JVM running for 3.889)
2021-10-31 13:14:33.491  INFO 12003 --- [Thread-1] o.s.s.concurrent.ThreadPoolTaskExecutor  : Shutting down ExecutorService 'applicationTaskExecutor'
2021-10-31 13:14:33.493  INFO 12003 --- [Thread-1] j.LocalContainerEntityManagerFactoryBean : Closing JPA EntityManagerFactory for persistence unit 'default'
2021-10-31 13:14:33.495  INFO 12003 --- [Thread-1] com.zaxxer.hikari.HikariDataSource       : HikariPool-1 - Shutdown initiated...
2021-10-31 13:14:33.498  INFO 12003 --- [Thread-1] com.zaxxer.hikari.HikariDataSource       : HikariPool-1 - Shutdown completed.
2021-10-31 13:16:06.424  INFO 12182 --- [main] t.esprit.spring.controller.EmployeeTest  : Starting EmployeeTest on hamza-GF63-Thin-10SCXR with PID 12182 (started by hamza in /home/hamza/Downloads/Timesheet-spring-boot-core-data-jpa-mvc-REST-1)
2021-10-31 13:16:06.426  INFO 12182 --- [main] t.esprit.spring.controller.EmployeeTest  : No active profile set, falling back to default profiles: default
2021-10-31 13:16:06.831  INFO 12182 --- [main] .s.d.r.c.RepositoryConfigurationDelegate : Bootstrapping Spring Data repositories in DEFAULT mode.
2021-10-31 13:16:06.883  INFO 12182 --- [main] .s.d.r.c.RepositoryConfigurationDelegate : Finished Spring Data repository scanning in 47ms. Found 6 repository interfaces.
2021-10-31 13:16:07.147  INFO 12182 --- [main] trationDelegate$BeanPostProcessorChecker : Bean 'org.springframework.transaction.annotation.ProxyTransactionManagementConfiguration' of type [org.springframework.transaction.annotation.ProxyTransactionManagementConfiguration$$EnhancerBySpringCGLIB$$fe46e661] is not eligible for getting processed by all BeanPostProcessors (for example: not eligible for auto-proxying)
2021-10-31 13:16:07.283  INFO 12182 --- [main] com.zaxxer.hikari.HikariDataSource       : HikariPool-1 - Starting...
2021-10-31 13:16:07.381  INFO 12182 --- [main] com.zaxxer.hikari.HikariDataSource       : HikariPool-1 - Start completed.
2021-10-31 13:16:07.422  INFO 12182 --- [main] o.hibernate.jpa.internal.util.LogHelper  : HHH000204: Processing PersistenceUnitInfo [
	name: default
	...]
2021-10-31 13:16:07.453  INFO 12182 --- [main] org.hibernate.Version                    : HHH000412: Hibernate Core {5.3.9.Final}
2021-10-31 13:16:07.454  INFO 12182 --- [main] org.hibernate.cfg.Environment            : HHH000206: hibernate.properties not found
2021-10-31 13:16:07.529  INFO 12182 --- [main] o.hibernate.annotations.common.Version   : HCANN000001: Hibernate Commons Annotations {5.0.4.Final}
2021-10-31 13:16:07.595  INFO 12182 --- [main] org.hibernate.dialect.Dialect            : HHH000400: Using dialect: org.hibernate.dialect.MySQL5Dialect
2021-10-31 13:16:08.193  INFO 12182 --- [main] j.LocalContainerEntityManagerFactoryBean : Initialized JPA EntityManagerFactory for persistence unit 'default'
2021-10-31 13:16:08.345  INFO 12182 --- [main] o.h.h.i.QueryTranslatorFactoryInitiator  : HHH000397: Using ASTQueryTranslatorFactory
2021-10-31 13:16:08.872  INFO 12182 --- [main] o.s.s.concurrent.ThreadPoolTaskExecutor  : Initializing ExecutorService 'applicationTaskExecutor'
2021-10-31 13:16:08.905  WARN 12182 --- [main] aWebConfiguration$JpaWebMvcConfiguration : spring.jpa.open-in-view is enabled by default. Therefore, database queries may be performed during view rendering. Explicitly configure spring.jpa.open-in-view to disable this warning
2021-10-31 13:16:09.108  INFO 12182 --- [main] t.esprit.spring.controller.EmployeeTest  : Started EmployeeTest in 2.855 seconds (JVM running for 3.471)
2021-10-31 13:16:09.718  INFO 12182 --- [Thread-1] o.s.s.concurrent.ThreadPoolTaskExecutor  : Shutting down ExecutorService 'applicationTaskExecutor'
2021-10-31 13:16:09.719  INFO 12182 --- [Thread-1] j.LocalContainerEntityManagerFactoryBean : Closing JPA EntityManagerFactory for persistence unit 'default'
2021-10-31 13:16:09.721  INFO 12182 --- [Thread-1] com.zaxxer.hikari.HikariDataSource       : HikariPool-1 - Shutdown initiated...
2021-10-31 13:16:09.724  INFO 12182 --- [Thread-1] com.zaxxer.hikari.HikariDataSource       : HikariPool-1 - Shutdown completed.
2021-10-31 13:26:49.512  INFO 13121 --- [main] t.esprit.spring.controller.EmployeeTest  : Starting EmployeeTest on hamza-GF63-Thin-10SCXR with PID 13121 (started by hamza in /home/hamza/Downloads/Timesheet-spring-boot-core-data-jpa-mvc-REST-1)
2021-10-31 13:26:49.513  INFO 13121 --- [main] t.esprit.spring.controller.EmployeeTest  : No active profile set, falling back to default profiles: default
2021-10-31 13:26:49.847  INFO 13121 --- [main] .s.d.r.c.RepositoryConfigurationDelegate : Bootstrapping Spring Data repositories in DEFAULT mode.
2021-10-31 13:26:49.888  INFO 13121 --- [main] .s.d.r.c.RepositoryConfigurationDelegate : Finished Spring Data repository scanning in 36ms. Found 6 repository interfaces.
2021-10-31 13:26:50.152  INFO 13121 --- [main] trationDelegate$BeanPostProcessorChecker : Bean 'org.springframework.transaction.annotation.ProxyTransactionManagementConfiguration' of type [org.springframework.transaction.annotation.ProxyTransactionManagementConfiguration$$EnhancerBySpringCGLIB$$1b5b41a1] is not eligible for getting processed by all BeanPostProcessors (for example: not eligible for auto-proxying)
2021-10-31 13:26:50.296  INFO 13121 --- [main] com.zaxxer.hikari.HikariDataSource       : HikariPool-1 - Starting...
2021-10-31 13:26:50.406  INFO 13121 --- [main] com.zaxxer.hikari.HikariDataSource       : HikariPool-1 - Start completed.
2021-10-31 13:26:50.458  INFO 13121 --- [main] o.hibernate.jpa.internal.util.LogHelper  : HHH000204: Processing PersistenceUnitInfo [
	name: default
	...]
2021-10-31 13:26:50.491  INFO 13121 --- [main] org.hibernate.Version                    : HHH000412: Hibernate Core {5.3.9.Final}
2021-10-31 13:26:50.492  INFO 13121 --- [main] org.hibernate.cfg.Environment            : HHH000206: hibernate.properties not found
2021-10-31 13:26:50.575  INFO 13121 --- [main] o.hibernate.annotations.common.Version   : HCANN000001: Hibernate Commons Annotations {5.0.4.Final}
2021-10-31 13:26:50.660  INFO 13121 --- [main] org.hibernate.dialect.Dialect            : HHH000400: Using dialect: org.hibernate.dialect.MySQL5Dialect
2021-10-31 13:26:51.199  INFO 13121 --- [main] j.LocalContainerEntityManagerFactoryBean : Initialized JPA EntityManagerFactory for persistence unit 'default'
2021-10-31 13:26:51.372  INFO 13121 --- [main] o.h.h.i.QueryTranslatorFactoryInitiator  : HHH000397: Using ASTQueryTranslatorFactory
2021-10-31 13:26:51.979  INFO 13121 --- [main] o.s.s.concurrent.ThreadPoolTaskExecutor  : Initializing ExecutorService 'applicationTaskExecutor'
2021-10-31 13:26:52.006  WARN 13121 --- [main] aWebConfiguration$JpaWebMvcConfiguration : spring.jpa.open-in-view is enabled by default. Therefore, database queries may be performed during view rendering. Explicitly configure spring.jpa.open-in-view to disable this warning
2021-10-31 13:26:52.197  INFO 13121 --- [main] t.esprit.spring.controller.EmployeeTest  : Started EmployeeTest in 2.844 seconds (JVM running for 3.491)
2021-10-31 13:26:52.781  INFO 13121 --- [Thread-1] o.s.s.concurrent.ThreadPoolTaskExecutor  : Shutting down ExecutorService 'applicationTaskExecutor'
2021-10-31 13:26:52.782  INFO 13121 --- [Thread-1] j.LocalContainerEntityManagerFactoryBean : Closing JPA EntityManagerFactory for persistence unit 'default'
2021-10-31 13:26:52.783  INFO 13121 --- [Thread-1] com.zaxxer.hikari.HikariDataSource       : HikariPool-1 - Shutdown initiated...
2021-10-31 13:26:52.787  INFO 13121 --- [Thread-1] com.zaxxer.hikari.HikariDataSource       : HikariPool-1 - Shutdown completed.
2021-10-31 13:28:23.608  INFO 13296 --- [main] t.esprit.spring.controller.EmployeeTest  : Starting EmployeeTest on hamza-GF63-Thin-10SCXR with PID 13296 (started by hamza in /home/hamza/Downloads/Timesheet-spring-boot-core-data-jpa-mvc-REST-1)
2021-10-31 13:28:23.610  INFO 13296 --- [main] t.esprit.spring.controller.EmployeeTest  : No active profile set, falling back to default profiles: default
2021-10-31 13:28:24.053  INFO 13296 --- [main] .s.d.r.c.RepositoryConfigurationDelegate : Bootstrapping Spring Data repositories in DEFAULT mode.
2021-10-31 13:28:24.101  INFO 13296 --- [main] .s.d.r.c.RepositoryConfigurationDelegate : Finished Spring Data repository scanning in 42ms. Found 6 repository interfaces.
2021-10-31 13:28:24.332  INFO 13296 --- [main] trationDelegate$BeanPostProcessorChecker : Bean 'org.springframework.transaction.annotation.ProxyTransactionManagementConfiguration' of type [org.springframework.transaction.annotation.ProxyTransactionManagementConfiguration$$EnhancerBySpringCGLIB$$3dc661e2] is not eligible for getting processed by all BeanPostProcessors (for example: not eligible for auto-proxying)
2021-10-31 13:28:24.453  INFO 13296 --- [main] com.zaxxer.hikari.HikariDataSource       : HikariPool-1 - Starting...
2021-10-31 13:28:24.544  INFO 13296 --- [main] com.zaxxer.hikari.HikariDataSource       : HikariPool-1 - Start completed.
2021-10-31 13:28:24.584  INFO 13296 --- [main] o.hibernate.jpa.internal.util.LogHelper  : HHH000204: Processing PersistenceUnitInfo [
	name: default
	...]
2021-10-31 13:28:24.609  INFO 13296 --- [main] org.hibernate.Version                    : HHH000412: Hibernate Core {5.3.9.Final}
2021-10-31 13:28:24.610  INFO 13296 --- [main] org.hibernate.cfg.Environment            : HHH000206: hibernate.properties not found
2021-10-31 13:28:24.679  INFO 13296 --- [main] o.hibernate.annotations.common.Version   : HCANN000001: Hibernate Commons Annotations {5.0.4.Final}
2021-10-31 13:28:24.746  INFO 13296 --- [main] org.hibernate.dialect.Dialect            : HHH000400: Using dialect: org.hibernate.dialect.MySQL5Dialect
2021-10-31 13:28:25.332  INFO 13296 --- [main] j.LocalContainerEntityManagerFactoryBean : Initialized JPA EntityManagerFactory for persistence unit 'default'
2021-10-31 13:28:25.487  INFO 13296 --- [main] o.h.h.i.QueryTranslatorFactoryInitiator  : HHH000397: Using ASTQueryTranslatorFactory
2021-10-31 13:28:25.959  INFO 13296 --- [main] o.s.s.concurrent.ThreadPoolTaskExecutor  : Initializing ExecutorService 'applicationTaskExecutor'
2021-10-31 13:28:25.989  WARN 13296 --- [main] aWebConfiguration$JpaWebMvcConfiguration : spring.jpa.open-in-view is enabled by default. Therefore, database queries may be performed during view rendering. Explicitly configure spring.jpa.open-in-view to disable this warning
2021-10-31 13:28:26.175  INFO 13296 --- [main] t.esprit.spring.controller.EmployeeTest  : Started EmployeeTest in 2.747 seconds (JVM running for 3.327)
2021-10-31 13:28:26.591  INFO 13296 --- [Thread-1] o.s.s.concurrent.ThreadPoolTaskExecutor  : Shutting down ExecutorService 'applicationTaskExecutor'
2021-10-31 13:28:26.592  INFO 13296 --- [Thread-1] j.LocalContainerEntityManagerFactoryBean : Closing JPA EntityManagerFactory for persistence unit 'default'
2021-10-31 13:28:26.594  INFO 13296 --- [Thread-1] com.zaxxer.hikari.HikariDataSource       : HikariPool-1 - Shutdown initiated...
2021-10-31 13:28:26.596  INFO 13296 --- [Thread-1] com.zaxxer.hikari.HikariDataSource       : HikariPool-1 - Shutdown completed.
2021-10-31 13:29:03.030  INFO 13410 --- [main] t.esprit.spring.controller.EmployeeTest  : Starting EmployeeTest on hamza-GF63-Thin-10SCXR with PID 13410 (started by hamza in /home/hamza/Downloads/Timesheet-spring-boot-core-data-jpa-mvc-REST-1)
2021-10-31 13:29:03.031  INFO 13410 --- [main] t.esprit.spring.controller.EmployeeTest  : No active profile set, falling back to default profiles: default
2021-10-31 13:29:03.403  INFO 13410 --- [main] .s.d.r.c.RepositoryConfigurationDelegate : Bootstrapping Spring Data repositories in DEFAULT mode.
2021-10-31 13:29:03.441  INFO 13410 --- [main] .s.d.r.c.RepositoryConfigurationDelegate : Finished Spring Data repository scanning in 34ms. Found 6 repository interfaces.
2021-10-31 13:29:03.667  INFO 13410 --- [main] trationDelegate$BeanPostProcessorChecker : Bean 'org.springframework.transaction.annotation.ProxyTransactionManagementConfiguration' of type [org.springframework.transaction.annotation.ProxyTransactionManagementConfiguration$$EnhancerBySpringCGLIB$$9894c73] is not eligible for getting processed by all BeanPostProcessors (for example: not eligible for auto-proxying)
2021-10-31 13:29:03.802  INFO 13410 --- [main] com.zaxxer.hikari.HikariDataSource       : HikariPool-1 - Starting...
2021-10-31 13:29:03.902  INFO 13410 --- [main] com.zaxxer.hikari.HikariDataSource       : HikariPool-1 - Start completed.
2021-10-31 13:29:03.937  INFO 13410 --- [main] o.hibernate.jpa.internal.util.LogHelper  : HHH000204: Processing PersistenceUnitInfo [
	name: default
	...]
2021-10-31 13:29:03.964  INFO 13410 --- [main] org.hibernate.Version                    : HHH000412: Hibernate Core {5.3.9.Final}
2021-10-31 13:29:03.965  INFO 13410 --- [main] org.hibernate.cfg.Environment            : HHH000206: hibernate.properties not found
2021-10-31 13:29:04.032  INFO 13410 --- [main] o.hibernate.annotations.common.Version   : HCANN000001: Hibernate Commons Annotations {5.0.4.Final}
2021-10-31 13:29:04.094  INFO 13410 --- [main] org.hibernate.dialect.Dialect            : HHH000400: Using dialect: org.hibernate.dialect.MySQL5Dialect
2021-10-31 13:29:04.608  INFO 13410 --- [main] j.LocalContainerEntityManagerFactoryBean : Initialized JPA EntityManagerFactory for persistence unit 'default'
2021-10-31 13:29:04.767  INFO 13410 --- [main] o.h.h.i.QueryTranslatorFactoryInitiator  : HHH000397: Using ASTQueryTranslatorFactory
2021-10-31 13:29:05.261  INFO 13410 --- [main] o.s.s.concurrent.ThreadPoolTaskExecutor  : Initializing ExecutorService 'applicationTaskExecutor'
2021-10-31 13:29:05.289  WARN 13410 --- [main] aWebConfiguration$JpaWebMvcConfiguration : spring.jpa.open-in-view is enabled by default. Therefore, database queries may be performed during view rendering. Explicitly configure spring.jpa.open-in-view to disable this warning
2021-10-31 13:29:05.473  INFO 13410 --- [main] t.esprit.spring.controller.EmployeeTest  : Started EmployeeTest in 2.584 seconds (JVM running for 3.095)
2021-10-31 13:29:05.883  INFO 13410 --- [Thread-1] o.s.s.concurrent.ThreadPoolTaskExecutor  : Shutting down ExecutorService 'applicationTaskExecutor'
2021-10-31 13:29:05.885  INFO 13410 --- [Thread-1] j.LocalContainerEntityManagerFactoryBean : Closing JPA EntityManagerFactory for persistence unit 'default'
2021-10-31 13:29:05.887  INFO 13410 --- [Thread-1] com.zaxxer.hikari.HikariDataSource       : HikariPool-1 - Shutdown initiated...
2021-10-31 13:29:05.890  INFO 13410 --- [Thread-1] com.zaxxer.hikari.HikariDataSource       : HikariPool-1 - Shutdown completed.
2021-10-31 13:30:59.211  INFO 13638 --- [main] t.esprit.spring.controller.EmployeeTest  : Starting EmployeeTest on hamza-GF63-Thin-10SCXR with PID 13638 (started by hamza in /home/hamza/Downloads/Timesheet-spring-boot-core-data-jpa-mvc-REST-1)
2021-10-31 13:30:59.212  INFO 13638 --- [main] t.esprit.spring.controller.EmployeeTest  : No active profile set, falling back to default profiles: default
2021-10-31 13:30:59.574  INFO 13638 --- [main] .s.d.r.c.RepositoryConfigurationDelegate : Bootstrapping Spring Data repositories in DEFAULT mode.
2021-10-31 13:30:59.616  INFO 13638 --- [main] .s.d.r.c.RepositoryConfigurationDelegate : Finished Spring Data repository scanning in 37ms. Found 6 repository interfaces.
2021-10-31 13:30:59.849  INFO 13638 --- [main] trationDelegate$BeanPostProcessorChecker : Bean 'org.springframework.transaction.annotation.ProxyTransactionManagementConfiguration' of type [org.springframework.transaction.annotation.ProxyTransactionManagementConfiguration$$EnhancerBySpringCGLIB$$21779661] is not eligible for getting processed by all BeanPostProcessors (for example: not eligible for auto-proxying)
2021-10-31 13:30:59.978  INFO 13638 --- [main] com.zaxxer.hikari.HikariDataSource       : HikariPool-1 - Starting...
2021-10-31 13:31:00.089  INFO 13638 --- [main] com.zaxxer.hikari.HikariDataSource       : HikariPool-1 - Start completed.
2021-10-31 13:31:00.142  INFO 13638 --- [main] o.hibernate.jpa.internal.util.LogHelper  : HHH000204: Processing PersistenceUnitInfo [
	name: default
	...]
2021-10-31 13:31:00.171  INFO 13638 --- [main] org.hibernate.Version                    : HHH000412: Hibernate Core {5.3.9.Final}
2021-10-31 13:31:00.172  INFO 13638 --- [main] org.hibernate.cfg.Environment            : HHH000206: hibernate.properties not found
2021-10-31 13:31:00.250  INFO 13638 --- [main] o.hibernate.annotations.common.Version   : HCANN000001: Hibernate Commons Annotations {5.0.4.Final}
2021-10-31 13:31:00.328  INFO 13638 --- [main] org.hibernate.dialect.Dialect            : HHH000400: Using dialect: org.hibernate.dialect.MySQL5Dialect
2021-10-31 13:31:00.937  INFO 13638 --- [main] j.LocalContainerEntityManagerFactoryBean : Initialized JPA EntityManagerFactory for persistence unit 'default'
2021-10-31 13:31:01.153  INFO 13638 --- [main] o.h.h.i.QueryTranslatorFactoryInitiator  : HHH000397: Using ASTQueryTranslatorFactory
2021-10-31 13:31:01.663  INFO 13638 --- [main] o.s.s.concurrent.ThreadPoolTaskExecutor  : Initializing ExecutorService 'applicationTaskExecutor'
2021-10-31 13:31:01.692  WARN 13638 --- [main] aWebConfiguration$JpaWebMvcConfiguration : spring.jpa.open-in-view is enabled by default. Therefore, database queries may be performed during view rendering. Explicitly configure spring.jpa.open-in-view to disable this warning
2021-10-31 13:31:01.941  INFO 13638 --- [main] t.esprit.spring.controller.EmployeeTest  : Started EmployeeTest in 2.892 seconds (JVM running for 3.442)
2021-10-31 13:31:02.580  INFO 13638 --- [Thread-1] o.s.s.concurrent.ThreadPoolTaskExecutor  : Shutting down ExecutorService 'applicationTaskExecutor'
2021-10-31 13:31:02.582  INFO 13638 --- [Thread-1] j.LocalContainerEntityManagerFactoryBean : Closing JPA EntityManagerFactory for persistence unit 'default'
2021-10-31 13:31:02.585  INFO 13638 --- [Thread-1] com.zaxxer.hikari.HikariDataSource       : HikariPool-1 - Shutdown initiated...
2021-10-31 13:31:02.589  INFO 13638 --- [Thread-1] com.zaxxer.hikari.HikariDataSource       : HikariPool-1 - Shutdown completed.
2021-10-31 13:56:35.750  INFO 16227 --- [main] t.esprit.spring.controller.EmployeeTest  : Starting EmployeeTest on hamza-GF63-Thin-10SCXR with PID 16227 (started by hamza in /home/hamza/Downloads/Timesheet-spring-boot-core-data-jpa-mvc-REST-1)
2021-10-31 13:56:35.751  INFO 16227 --- [main] t.esprit.spring.controller.EmployeeTest  : No active profile set, falling back to default profiles: default
2021-10-31 13:56:36.133  INFO 16227 --- [main] .s.d.r.c.RepositoryConfigurationDelegate : Bootstrapping Spring Data repositories in DEFAULT mode.
2021-10-31 13:56:36.179  INFO 16227 --- [main] .s.d.r.c.RepositoryConfigurationDelegate : Finished Spring Data repository scanning in 41ms. Found 6 repository interfaces.
2021-10-31 13:56:36.410  INFO 16227 --- [main] trationDelegate$BeanPostProcessorChecker : Bean 'org.springframework.transaction.annotation.ProxyTransactionManagementConfiguration' of type [org.springframework.transaction.annotation.ProxyTransactionManagementConfiguration$$EnhancerBySpringCGLIB$$e1197909] is not eligible for getting processed by all BeanPostProcessors (for example: not eligible for auto-proxying)
2021-10-31 13:56:36.535  INFO 16227 --- [main] com.zaxxer.hikari.HikariDataSource       : HikariPool-1 - Starting...
2021-10-31 13:56:36.639  INFO 16227 --- [main] com.zaxxer.hikari.HikariDataSource       : HikariPool-1 - Start completed.
2021-10-31 13:56:36.672  INFO 16227 --- [main] o.hibernate.jpa.internal.util.LogHelper  : HHH000204: Processing PersistenceUnitInfo [
	name: default
	...]
2021-10-31 13:56:36.702  INFO 16227 --- [main] org.hibernate.Version                    : HHH000412: Hibernate Core {5.3.9.Final}
2021-10-31 13:56:36.703  INFO 16227 --- [main] org.hibernate.cfg.Environment            : HHH000206: hibernate.properties not found
2021-10-31 13:56:36.773  INFO 16227 --- [main] o.hibernate.annotations.common.Version   : HCANN000001: Hibernate Commons Annotations {5.0.4.Final}
2021-10-31 13:56:36.844  INFO 16227 --- [main] org.hibernate.dialect.Dialect            : HHH000400: Using dialect: org.hibernate.dialect.MySQL5Dialect
2021-10-31 13:56:37.331  INFO 16227 --- [main] j.LocalContainerEntityManagerFactoryBean : Initialized JPA EntityManagerFactory for persistence unit 'default'
2021-10-31 13:56:37.497  INFO 16227 --- [main] o.h.h.i.QueryTranslatorFactoryInitiator  : HHH000397: Using ASTQueryTranslatorFactory
2021-10-31 13:56:38.011  INFO 16227 --- [main] o.s.s.concurrent.ThreadPoolTaskExecutor  : Initializing ExecutorService 'applicationTaskExecutor'
2021-10-31 13:56:38.040  WARN 16227 --- [main] aWebConfiguration$JpaWebMvcConfiguration : spring.jpa.open-in-view is enabled by default. Therefore, database queries may be performed during view rendering. Explicitly configure spring.jpa.open-in-view to disable this warning
2021-10-31 13:56:38.228  INFO 16227 --- [main] t.esprit.spring.controller.EmployeeTest  : Started EmployeeTest in 2.69 seconds (JVM running for 3.35)
2021-10-31 13:56:38.693  INFO 16227 --- [Thread-1] o.s.s.concurrent.ThreadPoolTaskExecutor  : Shutting down ExecutorService 'applicationTaskExecutor'
2021-10-31 13:56:38.695  INFO 16227 --- [Thread-1] j.LocalContainerEntityManagerFactoryBean : Closing JPA EntityManagerFactory for persistence unit 'default'
2021-10-31 13:56:38.696  INFO 16227 --- [Thread-1] com.zaxxer.hikari.HikariDataSource       : HikariPool-1 - Shutdown initiated...
2021-10-31 13:56:38.699  INFO 16227 --- [Thread-1] com.zaxxer.hikari.HikariDataSource       : HikariPool-1 - Shutdown completed.
2021-10-31 14:09:10.530  INFO 17590 --- [main] t.esprit.spring.controller.EmployeeTest  : Starting EmployeeTest on hamza-GF63-Thin-10SCXR with PID 17590 (started by hamza in /home/hamza/Downloads/Timesheet-spring-boot-core-data-jpa-mvc-REST-1)
2021-10-31 14:09:10.531  INFO 17590 --- [main] t.esprit.spring.controller.EmployeeTest  : No active profile set, falling back to default profiles: default
2021-10-31 14:09:10.856  INFO 17590 --- [main] .s.d.r.c.RepositoryConfigurationDelegate : Bootstrapping Spring Data repositories in DEFAULT mode.
2021-10-31 14:09:10.901  INFO 17590 --- [main] .s.d.r.c.RepositoryConfigurationDelegate : Finished Spring Data repository scanning in 40ms. Found 6 repository interfaces.
2021-10-31 14:09:11.197  INFO 17590 --- [main] trationDelegate$BeanPostProcessorChecker : Bean 'org.springframework.transaction.annotation.ProxyTransactionManagementConfiguration' of type [org.springframework.transaction.annotation.ProxyTransactionManagementConfiguration$$EnhancerBySpringCGLIB$$2aee33f6] is not eligible for getting processed by all BeanPostProcessors (for example: not eligible for auto-proxying)
2021-10-31 14:09:11.376  INFO 17590 --- [main] com.zaxxer.hikari.HikariDataSource       : HikariPool-1 - Starting...
2021-10-31 14:09:11.485  INFO 17590 --- [main] com.zaxxer.hikari.HikariDataSource       : HikariPool-1 - Start completed.
2021-10-31 14:09:11.540  INFO 17590 --- [main] o.hibernate.jpa.internal.util.LogHelper  : HHH000204: Processing PersistenceUnitInfo [
	name: default
	...]
2021-10-31 14:09:11.576  INFO 17590 --- [main] org.hibernate.Version                    : HHH000412: Hibernate Core {5.3.9.Final}
2021-10-31 14:09:11.577  INFO 17590 --- [main] org.hibernate.cfg.Environment            : HHH000206: hibernate.properties not found
2021-10-31 14:09:11.668  INFO 17590 --- [main] o.hibernate.annotations.common.Version   : HCANN000001: Hibernate Commons Annotations {5.0.4.Final}
2021-10-31 14:09:11.759  INFO 17590 --- [main] org.hibernate.dialect.Dialect            : HHH000400: Using dialect: org.hibernate.dialect.MySQL5Dialect
2021-10-31 14:09:12.338  INFO 17590 --- [main] j.LocalContainerEntityManagerFactoryBean : Initialized JPA EntityManagerFactory for persistence unit 'default'
2021-10-31 14:09:12.514  INFO 17590 --- [main] o.h.h.i.QueryTranslatorFactoryInitiator  : HHH000397: Using ASTQueryTranslatorFactory
2021-10-31 14:09:13.019  INFO 17590 --- [main] o.s.s.concurrent.ThreadPoolTaskExecutor  : Initializing ExecutorService 'applicationTaskExecutor'
2021-10-31 14:09:13.055  WARN 17590 --- [main] aWebConfiguration$JpaWebMvcConfiguration : spring.jpa.open-in-view is enabled by default. Therefore, database queries may be performed during view rendering. Explicitly configure spring.jpa.open-in-view to disable this warning
2021-10-31 14:09:13.291  INFO 17590 --- [main] t.esprit.spring.controller.EmployeeTest  : Started EmployeeTest in 2.897 seconds (JVM running for 3.462)
2021-10-31 14:09:13.940  INFO 17590 --- [Thread-1] o.s.s.concurrent.ThreadPoolTaskExecutor  : Shutting down ExecutorService 'applicationTaskExecutor'
2021-10-31 14:09:13.942  INFO 17590 --- [Thread-1] j.LocalContainerEntityManagerFactoryBean : Closing JPA EntityManagerFactory for persistence unit 'default'
2021-10-31 14:09:13.944  INFO 17590 --- [Thread-1] com.zaxxer.hikari.HikariDataSource       : HikariPool-1 - Shutdown initiated...
2021-10-31 14:09:13.946  INFO 17590 --- [Thread-1] com.zaxxer.hikari.HikariDataSource       : HikariPool-1 - Shutdown completed.
2021-10-31 14:09:47.960  INFO 17663 --- [main] t.esprit.spring.controller.EmployeeTest  : Starting EmployeeTest on hamza-GF63-Thin-10SCXR with PID 17663 (started by hamza in /home/hamza/Downloads/Timesheet-spring-boot-core-data-jpa-mvc-REST-1)
2021-10-31 14:09:47.961  INFO 17663 --- [main] t.esprit.spring.controller.EmployeeTest  : No active profile set, falling back to default profiles: default
2021-10-31 14:09:48.328  INFO 17663 --- [main] .s.d.r.c.RepositoryConfigurationDelegate : Bootstrapping Spring Data repositories in DEFAULT mode.
2021-10-31 14:09:48.366  INFO 17663 --- [main] .s.d.r.c.RepositoryConfigurationDelegate : Finished Spring Data repository scanning in 34ms. Found 6 repository interfaces.
2021-10-31 14:09:48.601  INFO 17663 --- [main] trationDelegate$BeanPostProcessorChecker : Bean 'org.springframework.transaction.annotation.ProxyTransactionManagementConfiguration' of type [org.springframework.transaction.annotation.ProxyTransactionManagementConfiguration$$EnhancerBySpringCGLIB$$61e5a595] is not eligible for getting processed by all BeanPostProcessors (for example: not eligible for auto-proxying)
2021-10-31 14:09:48.735  INFO 17663 --- [main] com.zaxxer.hikari.HikariDataSource       : HikariPool-1 - Starting...
2021-10-31 14:09:48.838  INFO 17663 --- [main] com.zaxxer.hikari.HikariDataSource       : HikariPool-1 - Start completed.
2021-10-31 14:09:48.878  INFO 17663 --- [main] o.hibernate.jpa.internal.util.LogHelper  : HHH000204: Processing PersistenceUnitInfo [
	name: default
	...]
2021-10-31 14:09:48.906  INFO 17663 --- [main] org.hibernate.Version                    : HHH000412: Hibernate Core {5.3.9.Final}
2021-10-31 14:09:48.907  INFO 17663 --- [main] org.hibernate.cfg.Environment            : HHH000206: hibernate.properties not found
2021-10-31 14:09:48.973  INFO 17663 --- [main] o.hibernate.annotations.common.Version   : HCANN000001: Hibernate Commons Annotations {5.0.4.Final}
2021-10-31 14:09:49.035  INFO 17663 --- [main] org.hibernate.dialect.Dialect            : HHH000400: Using dialect: org.hibernate.dialect.MySQL5Dialect
2021-10-31 14:09:49.570  INFO 17663 --- [main] j.LocalContainerEntityManagerFactoryBean : Initialized JPA EntityManagerFactory for persistence unit 'default'
2021-10-31 14:09:49.730  INFO 17663 --- [main] o.h.h.i.QueryTranslatorFactoryInitiator  : HHH000397: Using ASTQueryTranslatorFactory
2021-10-31 14:09:50.189  INFO 17663 --- [main] o.s.s.concurrent.ThreadPoolTaskExecutor  : Initializing ExecutorService 'applicationTaskExecutor'
2021-10-31 14:09:50.223  WARN 17663 --- [main] aWebConfiguration$JpaWebMvcConfiguration : spring.jpa.open-in-view is enabled by default. Therefore, database queries may be performed during view rendering. Explicitly configure spring.jpa.open-in-view to disable this warning
2021-10-31 14:09:50.406  INFO 17663 --- [main] t.esprit.spring.controller.EmployeeTest  : Started EmployeeTest in 2.596 seconds (JVM running for 3.146)
2021-10-31 14:09:50.808  INFO 17663 --- [Thread-1] o.s.s.concurrent.ThreadPoolTaskExecutor  : Shutting down ExecutorService 'applicationTaskExecutor'
2021-10-31 14:09:50.809  INFO 17663 --- [Thread-1] j.LocalContainerEntityManagerFactoryBean : Closing JPA EntityManagerFactory for persistence unit 'default'
2021-10-31 14:09:50.810  INFO 17663 --- [Thread-1] com.zaxxer.hikari.HikariDataSource       : HikariPool-1 - Shutdown initiated...
2021-10-31 14:09:50.812  INFO 17663 --- [Thread-1] com.zaxxer.hikari.HikariDataSource       : HikariPool-1 - Shutdown completed.
2021-10-31 14:16:06.682  INFO 18223 --- [main] t.esprit.spring.controller.EmployeeTest  : Starting EmployeeTest on hamza-GF63-Thin-10SCXR with PID 18223 (started by hamza in /home/hamza/Downloads/Timesheet-spring-boot-core-data-jpa-mvc-REST-1)
2021-10-31 14:16:06.682  INFO 18223 --- [main] t.esprit.spring.controller.EmployeeTest  : No active profile set, falling back to default profiles: default
2021-10-31 14:16:07.060  INFO 18223 --- [main] .s.d.r.c.RepositoryConfigurationDelegate : Bootstrapping Spring Data repositories in DEFAULT mode.
2021-10-31 14:16:07.105  INFO 18223 --- [main] .s.d.r.c.RepositoryConfigurationDelegate : Finished Spring Data repository scanning in 41ms. Found 6 repository interfaces.
2021-10-31 14:16:07.335  INFO 18223 --- [main] trationDelegate$BeanPostProcessorChecker : Bean 'org.springframework.transaction.annotation.ProxyTransactionManagementConfiguration' of type [org.springframework.transaction.annotation.ProxyTransactionManagementConfiguration$$EnhancerBySpringCGLIB$$27c77d5e] is not eligible for getting processed by all BeanPostProcessors (for example: not eligible for auto-proxying)
2021-10-31 14:16:07.448  INFO 18223 --- [main] com.zaxxer.hikari.HikariDataSource       : HikariPool-1 - Starting...
2021-10-31 14:16:07.538  INFO 18223 --- [main] com.zaxxer.hikari.HikariDataSource       : HikariPool-1 - Start completed.
2021-10-31 14:16:07.572  INFO 18223 --- [main] o.hibernate.jpa.internal.util.LogHelper  : HHH000204: Processing PersistenceUnitInfo [
	name: default
	...]
2021-10-31 14:16:07.599  INFO 18223 --- [main] org.hibernate.Version                    : HHH000412: Hibernate Core {5.3.9.Final}
2021-10-31 14:16:07.599  INFO 18223 --- [main] org.hibernate.cfg.Environment            : HHH000206: hibernate.properties not found
2021-10-31 14:16:07.665  INFO 18223 --- [main] o.hibernate.annotations.common.Version   : HCANN000001: Hibernate Commons Annotations {5.0.4.Final}
2021-10-31 14:16:07.730  INFO 18223 --- [main] org.hibernate.dialect.Dialect            : HHH000400: Using dialect: org.hibernate.dialect.MySQL5Dialect
2021-10-31 14:16:08.203  INFO 18223 --- [main] j.LocalContainerEntityManagerFactoryBean : Initialized JPA EntityManagerFactory for persistence unit 'default'
2021-10-31 14:16:08.366  INFO 18223 --- [main] o.h.h.i.QueryTranslatorFactoryInitiator  : HHH000397: Using ASTQueryTranslatorFactory
2021-10-31 14:16:08.859  INFO 18223 --- [main] o.s.s.concurrent.ThreadPoolTaskExecutor  : Initializing ExecutorService 'applicationTaskExecutor'
2021-10-31 14:16:08.889  WARN 18223 --- [main] aWebConfiguration$JpaWebMvcConfiguration : spring.jpa.open-in-view is enabled by default. Therefore, database queries may be performed during view rendering. Explicitly configure spring.jpa.open-in-view to disable this warning
2021-10-31 14:16:09.067  INFO 18223 --- [main] t.esprit.spring.controller.EmployeeTest  : Started EmployeeTest in 2.516 seconds (JVM running for 3.061)
2021-10-31 14:16:09.582  INFO 18223 --- [Thread-1] o.s.s.concurrent.ThreadPoolTaskExecutor  : Shutting down ExecutorService 'applicationTaskExecutor'
2021-10-31 14:16:09.583  INFO 18223 --- [Thread-1] j.LocalContainerEntityManagerFactoryBean : Closing JPA EntityManagerFactory for persistence unit 'default'
2021-10-31 14:16:09.584  INFO 18223 --- [Thread-1] com.zaxxer.hikari.HikariDataSource       : HikariPool-1 - Shutdown initiated...
2021-10-31 14:16:09.586  INFO 18223 --- [Thread-1] com.zaxxer.hikari.HikariDataSource       : HikariPool-1 - Shutdown completed.
2021-10-31 14:16:55.348  INFO 18363 --- [main] t.esprit.spring.controller.EmployeeTest  : Starting EmployeeTest on hamza-GF63-Thin-10SCXR with PID 18363 (started by hamza in /home/hamza/Downloads/Timesheet-spring-boot-core-data-jpa-mvc-REST-1)
2021-10-31 14:16:55.349  INFO 18363 --- [main] t.esprit.spring.controller.EmployeeTest  : No active profile set, falling back to default profiles: default
2021-10-31 14:16:55.675  INFO 18363 --- [main] .s.d.r.c.RepositoryConfigurationDelegate : Bootstrapping Spring Data repositories in DEFAULT mode.
2021-10-31 14:16:55.715  INFO 18363 --- [main] .s.d.r.c.RepositoryConfigurationDelegate : Finished Spring Data repository scanning in 36ms. Found 6 repository interfaces.
2021-10-31 14:16:55.943  INFO 18363 --- [main] trationDelegate$BeanPostProcessorChecker : Bean 'org.springframework.transaction.annotation.ProxyTransactionManagementConfiguration' of type [org.springframework.transaction.annotation.ProxyTransactionManagementConfiguration$$EnhancerBySpringCGLIB$$1a2bc60c] is not eligible for getting processed by all BeanPostProcessors (for example: not eligible for auto-proxying)
2021-10-31 14:16:56.070  INFO 18363 --- [main] com.zaxxer.hikari.HikariDataSource       : HikariPool-1 - Starting...
2021-10-31 14:16:56.166  INFO 18363 --- [main] com.zaxxer.hikari.HikariDataSource       : HikariPool-1 - Start completed.
2021-10-31 14:16:56.202  INFO 18363 --- [main] o.hibernate.jpa.internal.util.LogHelper  : HHH000204: Processing PersistenceUnitInfo [
	name: default
	...]
2021-10-31 14:16:56.230  INFO 18363 --- [main] org.hibernate.Version                    : HHH000412: Hibernate Core {5.3.9.Final}
2021-10-31 14:16:56.231  INFO 18363 --- [main] org.hibernate.cfg.Environment            : HHH000206: hibernate.properties not found
2021-10-31 14:16:56.297  INFO 18363 --- [main] o.hibernate.annotations.common.Version   : HCANN000001: Hibernate Commons Annotations {5.0.4.Final}
2021-10-31 14:16:56.372  INFO 18363 --- [main] org.hibernate.dialect.Dialect            : HHH000400: Using dialect: org.hibernate.dialect.MySQL5Dialect
2021-10-31 14:16:56.904  INFO 18363 --- [main] j.LocalContainerEntityManagerFactoryBean : Initialized JPA EntityManagerFactory for persistence unit 'default'
2021-10-31 14:16:57.059  INFO 18363 --- [main] o.h.h.i.QueryTranslatorFactoryInitiator  : HHH000397: Using ASTQueryTranslatorFactory
2021-10-31 14:16:57.585  INFO 18363 --- [main] o.s.s.concurrent.ThreadPoolTaskExecutor  : Initializing ExecutorService 'applicationTaskExecutor'
2021-10-31 14:16:57.617  WARN 18363 --- [main] aWebConfiguration$JpaWebMvcConfiguration : spring.jpa.open-in-view is enabled by default. Therefore, database queries may be performed during view rendering. Explicitly configure spring.jpa.open-in-view to disable this warning
2021-10-31 14:16:57.797  INFO 18363 --- [main] t.esprit.spring.controller.EmployeeTest  : Started EmployeeTest in 2.592 seconds (JVM running for 3.219)
2021-10-31 14:16:58.242  INFO 18363 --- [Thread-1] o.s.s.concurrent.ThreadPoolTaskExecutor  : Shutting down ExecutorService 'applicationTaskExecutor'
2021-10-31 14:16:58.243  INFO 18363 --- [Thread-1] j.LocalContainerEntityManagerFactoryBean : Closing JPA EntityManagerFactory for persistence unit 'default'
2021-10-31 14:16:58.245  INFO 18363 --- [Thread-1] com.zaxxer.hikari.HikariDataSource       : HikariPool-1 - Shutdown initiated...
2021-10-31 14:16:58.247  INFO 18363 --- [Thread-1] com.zaxxer.hikari.HikariDataSource       : HikariPool-1 - Shutdown completed.
2021-10-31 16:11:06.316  INFO 12369 --- [main] SpringBootCoreDataJpaMvcRest1Application : Starting TimesheetSpringBootCoreDataJpaMvcRest1Application on hamza-GF63-Thin-10SCXR with PID 12369 (/home/hamza/Downloads/Timesheet-spring-boot-core-data-jpa-mvc-REST-1/target/classes started by hamza in /home/hamza/Downloads/Timesheet-spring-boot-core-data-jpa-mvc-REST-1)
2021-10-31 16:11:06.320  INFO 12369 --- [main] SpringBootCoreDataJpaMvcRest1Application : No active profile set, falling back to default profiles: default
2021-10-31 16:11:06.888  INFO 12369 --- [main] .s.d.r.c.RepositoryConfigurationDelegate : Bootstrapping Spring Data repositories in DEFAULT mode.
2021-10-31 16:11:06.943  INFO 12369 --- [main] .s.d.r.c.RepositoryConfigurationDelegate : Finished Spring Data repository scanning in 49ms. Found 6 repository interfaces.
2021-10-31 16:11:07.188  INFO 12369 --- [main] trationDelegate$BeanPostProcessorChecker : Bean 'org.springframework.transaction.annotation.ProxyTransactionManagementConfiguration' of type [org.springframework.transaction.annotation.ProxyTransactionManagementConfiguration$$EnhancerBySpringCGLIB$$3b57d8c0] is not eligible for getting processed by all BeanPostProcessors (for example: not eligible for auto-proxying)
2021-10-31 16:11:07.513  INFO 12369 --- [main] o.s.b.w.embedded.tomcat.TomcatWebServer  : Tomcat initialized with port(s): 8081 (http)
2021-10-31 16:11:07.537  INFO 12369 --- [main] o.apache.catalina.core.StandardService   : Starting service [Tomcat]
2021-10-31 16:11:07.537  INFO 12369 --- [main] org.apache.catalina.core.StandardEngine  : Starting Servlet engine: [Apache Tomcat/9.0.17]
2021-10-31 16:11:07.634  INFO 12369 --- [main] o.a.c.c.C.[.[localhost].[/SpringMVC]     : Initializing Spring embedded WebApplicationContext
2021-10-31 16:11:07.634  INFO 12369 --- [main] o.s.web.context.ContextLoader            : Root WebApplicationContext: initialization completed in 1262 ms
2021-10-31 16:11:07.751  INFO 12369 --- [main] com.zaxxer.hikari.HikariDataSource       : HikariPool-1 - Starting...
2021-10-31 16:11:07.824  INFO 12369 --- [main] com.zaxxer.hikari.HikariDataSource       : HikariPool-1 - Start completed.
2021-10-31 16:11:07.854  INFO 12369 --- [main] o.hibernate.jpa.internal.util.LogHelper  : HHH000204: Processing PersistenceUnitInfo [
	name: default
	...]
2021-10-31 16:11:07.900  INFO 12369 --- [main] org.hibernate.Version                    : HHH000412: Hibernate Core {5.3.9.Final}
2021-10-31 16:11:07.902  INFO 12369 --- [main] org.hibernate.cfg.Environment            : HHH000206: hibernate.properties not found
2021-10-31 16:11:08.053  INFO 12369 --- [main] o.hibernate.annotations.common.Version   : HCANN000001: Hibernate Commons Annotations {5.0.4.Final}
2021-10-31 16:11:08.146  INFO 12369 --- [main] org.hibernate.dialect.Dialect            : HHH000400: Using dialect: org.hibernate.dialect.MySQL5Dialect
2021-10-31 16:11:08.787  INFO 12369 --- [main] j.LocalContainerEntityManagerFactoryBean : Initialized JPA EntityManagerFactory for persistence unit 'default'
2021-10-31 16:11:08.997  INFO 12369 --- [main] o.h.h.i.QueryTranslatorFactoryInitiator  : HHH000397: Using ASTQueryTranslatorFactory
2021-10-31 16:11:09.365  INFO 12369 --- [main] o.s.s.concurrent.ThreadPoolTaskExecutor  : Initializing ExecutorService 'applicationTaskExecutor'
2021-10-31 16:11:09.406  WARN 12369 --- [main] aWebConfiguration$JpaWebMvcConfiguration : spring.jpa.open-in-view is enabled by default. Therefore, database queries may be performed during view rendering. Explicitly configure spring.jpa.open-in-view to disable this warning
2021-10-31 16:11:09.544  INFO 12369 --- [main] o.s.b.w.embedded.tomcat.TomcatWebServer  : Tomcat started on port(s): 8081 (http) with context path '/SpringMVC'
2021-10-31 16:11:09.546  INFO 12369 --- [main] SpringBootCoreDataJpaMvcRest1Application : Started TimesheetSpringBootCoreDataJpaMvcRest1Application in 3.629 seconds (JVM running for 4.199)
2021-10-31 18:42:20.106  INFO 12369 --- [RMI TCP Connection(46)-127.0.0.1] inMXBeanRegistrar$SpringApplicationAdmin : Application shutdown requested.
2021-10-31 18:42:20.107  INFO 12369 --- [RMI TCP Connection(46)-127.0.0.1] o.s.s.concurrent.ThreadPoolTaskExecutor  : Shutting down ExecutorService 'applicationTaskExecutor'
2021-10-31 18:42:20.108  INFO 12369 --- [RMI TCP Connection(46)-127.0.0.1] j.LocalContainerEntityManagerFactoryBean : Closing JPA EntityManagerFactory for persistence unit 'default'
2021-10-31 18:42:20.109  INFO 12369 --- [RMI TCP Connection(46)-127.0.0.1] com.zaxxer.hikari.HikariDataSource       : HikariPool-1 - Shutdown initiated...
2021-10-31 18:42:20.111  INFO 12369 --- [RMI TCP Connection(46)-127.0.0.1] com.zaxxer.hikari.HikariDataSource       : HikariPool-1 - Shutdown completed.
