2021-11-03 16:03:41.984  INFO 16276 --- [main] SpringBootCoreDataJpaMvcRest1Application : Starting TimesheetSpringBootCoreDataJpaMvcRest1Application on LAPTOP-3287IHGU with PID 16276 (started by HP in C:\Users\HP\Desktop\5 twin1\Devops\devops\timesheet-devOps-master)
2021-11-03 16:03:41.999  INFO 16276 --- [main] SpringBootCoreDataJpaMvcRest1Application : No active profile set, falling back to default profiles: default
2021-11-03 16:03:44.806  INFO 16276 --- [main] .s.d.r.c.RepositoryConfigurationDelegate : Bootstrapping Spring Data repositories in DEFAULT mode.
2021-11-03 16:03:44.960  INFO 16276 --- [main] .s.d.r.c.RepositoryConfigurationDelegate : Finished Spring Data repository scanning in 136ms. Found 6 repository interfaces.
2021-11-03 16:03:45.616  INFO 16276 --- [main] trationDelegate$BeanPostProcessorChecker : Bean 'org.springframework.transaction.annotation.ProxyTransactionManagementConfiguration' of type [org.springframework.transaction.annotation.ProxyTransactionManagementConfiguration$$EnhancerBySpringCGLIB$$86eb09e7] is not eligible for getting processed by all BeanPostProcessors (for example: not eligible for auto-proxying)
2021-11-03 16:03:46.432  INFO 16276 --- [main] o.s.b.w.embedded.tomcat.TomcatWebServer  : Tomcat initialized with port(s): 8081 (http)
2021-11-03 16:03:46.780  INFO 16276 --- [main] o.apache.catalina.core.StandardService   : Starting service [Tomcat]
2021-11-03 16:03:46.782  INFO 16276 --- [main] org.apache.catalina.core.StandardEngine  : Starting Servlet engine: [Apache Tomcat/9.0.17]
2021-11-03 16:03:47.013  INFO 16276 --- [main] o.a.c.c.C.[.[localhost].[/SpringMVC]     : Initializing Spring embedded WebApplicationContext
2021-11-03 16:03:47.014  INFO 16276 --- [main] o.s.web.context.ContextLoader            : Root WebApplicationContext: initialization completed in 4758 ms
2021-11-03 16:03:47.371  INFO 16276 --- [main] com.zaxxer.hikari.HikariDataSource       : HikariPool-1 - Starting...
2021-11-03 16:03:49.187  INFO 16276 --- [main] com.zaxxer.hikari.HikariDataSource       : HikariPool-1 - Start completed.
2021-11-03 16:03:49.270  INFO 16276 --- [main] o.hibernate.jpa.internal.util.LogHelper  : HHH000204: Processing PersistenceUnitInfo [
	name: default
	...]
2021-11-03 16:03:49.355  INFO 16276 --- [main] org.hibernate.Version                    : HHH000412: Hibernate Core {5.3.9.Final}
2021-11-03 16:03:49.357  INFO 16276 --- [main] org.hibernate.cfg.Environment            : HHH000206: hibernate.properties not found
2021-11-03 16:03:50.237  INFO 16276 --- [main] o.hibernate.annotations.common.Version   : HCANN000001: Hibernate Commons Annotations {5.0.4.Final}
2021-11-03 16:03:51.066  INFO 16276 --- [main] org.hibernate.dialect.Dialect            : HHH000400: Using dialect: org.hibernate.dialect.MySQL5Dialect
2021-11-03 16:03:56.686  INFO 16276 --- [main] j.LocalContainerEntityManagerFactoryBean : Initialized JPA EntityManagerFactory for persistence unit 'default'
2021-11-03 16:03:57.641  INFO 16276 --- [main] o.h.h.i.QueryTranslatorFactoryInitiator  : HHH000397: Using ASTQueryTranslatorFactory
2021-11-03 16:03:58.842  INFO 16276 --- [main] o.s.s.concurrent.ThreadPoolTaskExecutor  : Initializing ExecutorService 'applicationTaskExecutor'
2021-11-03 16:03:58.960  WARN 16276 --- [main] aWebConfiguration$JpaWebMvcConfiguration : spring.jpa.open-in-view is enabled by default. Therefore, database queries may be performed during view rendering. Explicitly configure spring.jpa.open-in-view to disable this warning
2021-11-03 16:03:59.380  INFO 16276 --- [main] o.s.b.w.embedded.tomcat.TomcatWebServer  : Tomcat started on port(s): 8081 (http) with context path '/SpringMVC'
2021-11-03 16:03:59.382  INFO 16276 --- [main] SpringBootCoreDataJpaMvcRest1Application : Started TimesheetSpringBootCoreDataJpaMvcRest1Application in 18.936 seconds (JVM running for 22.197)
2021-11-03 16:10:28.600  INFO 16276 --- [RMI TCP Connection(9)-127.0.0.1] inMXBeanRegistrar$SpringApplicationAdmin : Application shutdown requested.
2021-11-03 16:10:28.600  INFO 16276 --- [RMI TCP Connection(10)-127.0.0.1] inMXBeanRegistrar$SpringApplicationAdmin : Application shutdown requested.
2021-11-03 16:10:28.600  INFO 16276 --- [RMI TCP Connection(5)-127.0.0.1] inMXBeanRegistrar$SpringApplicationAdmin : Application shutdown requested.
2021-11-03 16:10:28.600  INFO 16276 --- [RMI TCP Connection(8)-127.0.0.1] inMXBeanRegistrar$SpringApplicationAdmin : Application shutdown requested.
2021-11-03 16:10:28.600  INFO 16276 --- [RMI TCP Connection(7)-127.0.0.1] inMXBeanRegistrar$SpringApplicationAdmin : Application shutdown requested.
2021-11-03 16:10:28.600  INFO 16276 --- [RMI TCP Connection(6)-127.0.0.1] inMXBeanRegistrar$SpringApplicationAdmin : Application shutdown requested.
2021-11-03 16:10:28.610  INFO 16276 --- [RMI TCP Connection(9)-127.0.0.1] o.s.s.concurrent.ThreadPoolTaskExecutor  : Shutting down ExecutorService 'applicationTaskExecutor'
2021-11-03 16:10:28.614  INFO 16276 --- [RMI TCP Connection(9)-127.0.0.1] j.LocalContainerEntityManagerFactoryBean : Closing JPA EntityManagerFactory for persistence unit 'default'
2021-11-03 16:10:28.623  INFO 16276 --- [RMI TCP Connection(9)-127.0.0.1] com.zaxxer.hikari.HikariDataSource       : HikariPool-1 - Shutdown initiated...
2021-11-03 16:10:28.638  INFO 16276 --- [RMI TCP Connection(9)-127.0.0.1] com.zaxxer.hikari.HikariDataSource       : HikariPool-1 - Shutdown completed.
2021-11-03 16:10:45.291  INFO 18588 --- [main] t.esprit.spring.controller.EmployeeTest  : Starting EmployeeTest on LAPTOP-3287IHGU with PID 18588 (started by HP in C:\Users\HP\Desktop\5 twin1\Devops\devops\timesheet-devOps-master)
2021-11-03 16:10:45.294  INFO 18588 --- [main] t.esprit.spring.controller.EmployeeTest  : No active profile set, falling back to default profiles: default
2021-11-03 16:10:46.049  INFO 18588 --- [main] .s.d.r.c.RepositoryConfigurationDelegate : Bootstrapping Spring Data repositories in DEFAULT mode.
2021-11-03 16:10:46.133  INFO 18588 --- [main] .s.d.r.c.RepositoryConfigurationDelegate : Finished Spring Data repository scanning in 76ms. Found 6 repository interfaces.
2021-11-03 16:10:46.562  INFO 18588 --- [main] trationDelegate$BeanPostProcessorChecker : Bean 'org.springframework.transaction.annotation.ProxyTransactionManagementConfiguration' of type [org.springframework.transaction.annotation.ProxyTransactionManagementConfiguration$$EnhancerBySpringCGLIB$$d96c286e] is not eligible for getting processed by all BeanPostProcessors (for example: not eligible for auto-proxying)
2021-11-03 16:10:46.909  INFO 18588 --- [main] com.zaxxer.hikari.HikariDataSource       : HikariPool-1 - Starting...
2021-11-03 16:10:47.201  INFO 18588 --- [main] com.zaxxer.hikari.HikariDataSource       : HikariPool-1 - Start completed.
2021-11-03 16:10:47.340  INFO 18588 --- [main] o.hibernate.jpa.internal.util.LogHelper  : HHH000204: Processing PersistenceUnitInfo [
	name: default
	...]
2021-11-03 16:10:47.396  INFO 18588 --- [main] org.hibernate.Version                    : HHH000412: Hibernate Core {5.3.9.Final}
2021-11-03 16:10:47.405  INFO 18588 --- [main] org.hibernate.cfg.Environment            : HHH000206: hibernate.properties not found
2021-11-03 16:10:47.544  INFO 18588 --- [main] o.hibernate.annotations.common.Version   : HCANN000001: Hibernate Commons Annotations {5.0.4.Final}
2021-11-03 16:10:47.959  INFO 18588 --- [main] org.hibernate.dialect.Dialect            : HHH000400: Using dialect: org.hibernate.dialect.MySQL5Dialect
2021-11-03 16:10:50.128  INFO 18588 --- [main] j.LocalContainerEntityManagerFactoryBean : Initialized JPA EntityManagerFactory for persistence unit 'default'
2021-11-03 16:10:50.443  INFO 18588 --- [main] o.h.h.i.QueryTranslatorFactoryInitiator  : HHH000397: Using ASTQueryTranslatorFactory
2021-11-03 16:10:51.452  INFO 18588 --- [main] o.s.s.concurrent.ThreadPoolTaskExecutor  : Initializing ExecutorService 'applicationTaskExecutor'
2021-11-03 16:10:51.527  WARN 18588 --- [main] aWebConfiguration$JpaWebMvcConfiguration : spring.jpa.open-in-view is enabled by default. Therefore, database queries may be performed during view rendering. Explicitly configure spring.jpa.open-in-view to disable this warning
2021-11-03 16:10:51.985  INFO 18588 --- [main] t.esprit.spring.controller.EmployeeTest  : Started EmployeeTest in 7.109 seconds (JVM running for 8.091)
2021-11-03 16:10:54.232  INFO 18588 --- [main] .b.t.c.SpringBootTestContextBootstrapper : Neither @ContextConfiguration nor @ContextHierarchy found for test class [tn.esprit.spring.controller.EntrepriseTest], using SpringBootContextLoader
2021-11-03 16:10:54.233  INFO 18588 --- [main] o.s.t.c.support.AbstractContextLoader    : Could not detect default resource locations for test class [tn.esprit.spring.controller.EntrepriseTest]: no resource found for suffixes {-context.xml, Context.groovy}.
2021-11-03 16:10:54.234  INFO 18588 --- [main] t.c.s.AnnotationConfigContextLoaderUtils : Could not detect default configuration classes for test class [tn.esprit.spring.controller.EntrepriseTest]: EntrepriseTest does not declare any static, non-private, non-final, nested classes annotated with @Configuration.
2021-11-03 16:10:54.235  INFO 18588 --- [main] .b.t.c.SpringBootTestContextBootstrapper : Found @SpringBootConfiguration tn.esprit.spring.TimesheetSpringBootCoreDataJpaMvcRest1Application for test class tn.esprit.spring.controller.EntrepriseTest
2021-11-03 16:10:54.236  INFO 18588 --- [main] .b.t.c.SpringBootTestContextBootstrapper : Loaded default TestExecutionListener class names from location [META-INF/spring.factories]: [org.springframework.boot.test.mock.mockito.MockitoTestExecutionListener, org.springframework.boot.test.mock.mockito.ResetMocksTestExecutionListener, org.springframework.boot.test.autoconfigure.restdocs.RestDocsTestExecutionListener, org.springframework.boot.test.autoconfigure.web.client.MockRestServiceServerResetTestExecutionListener, org.springframework.boot.test.autoconfigure.web.servlet.MockMvcPrintOnlyOnFailureTestExecutionListener, org.springframework.boot.test.autoconfigure.web.servlet.WebDriverTestExecutionListener, org.springframework.test.context.web.ServletTestExecutionListener, org.springframework.test.context.support.DirtiesContextBeforeModesTestExecutionListener, org.springframework.test.context.support.DependencyInjectionTestExecutionListener, org.springframework.test.context.support.DirtiesContextTestExecutionListener, org.springframework.test.context.transaction.TransactionalTestExecutionListener, org.springframework.test.context.jdbc.SqlScriptsTestExecutionListener]
2021-11-03 16:10:54.237  INFO 18588 --- [main] .b.t.c.SpringBootTestContextBootstrapper : Using TestExecutionListeners: [org.springframework.test.context.web.ServletTestExecutionListener@6cfd08e9, org.springframework.test.context.support.DirtiesContextBeforeModesTestExecutionListener@54ca9420, org.springframework.boot.test.mock.mockito.MockitoTestExecutionListener@4ea48b2e, org.springframework.boot.test.autoconfigure.SpringBootDependencyInjectionTestExecutionListener@72c704f1, org.springframework.test.context.support.DirtiesContextTestExecutionListener@76f9e000, org.springframework.test.context.transaction.TransactionalTestExecutionListener@7612116b, org.springframework.test.context.jdbc.SqlScriptsTestExecutionListener@1c05097c, org.springframework.boot.test.mock.mockito.ResetMocksTestExecutionListener@562f6681, org.springframework.boot.test.autoconfigure.restdocs.RestDocsTestExecutionListener@6f6f65a4, org.springframework.boot.test.autoconfigure.web.client.MockRestServiceServerResetTestExecutionListener@990b86b, org.springframework.boot.test.autoconfigure.web.servlet.MockMvcPrintOnlyOnFailureTestExecutionListener@3dea1ecc, org.springframework.boot.test.autoconfigure.web.servlet.WebDriverTestExecutionListener@105c6c9e]
2021-11-03 16:10:54.378  INFO 18588 --- [Thread-2] o.s.s.concurrent.ThreadPoolTaskExecutor  : Shutting down ExecutorService 'applicationTaskExecutor'
2021-11-03 16:10:54.381  INFO 18588 --- [Thread-2] j.LocalContainerEntityManagerFactoryBean : Closing JPA EntityManagerFactory for persistence unit 'default'
2021-11-03 16:10:54.383  INFO 18588 --- [Thread-2] com.zaxxer.hikari.HikariDataSource       : HikariPool-1 - Shutdown initiated...
2021-11-03 16:10:54.388  INFO 18588 --- [Thread-2] com.zaxxer.hikari.HikariDataSource       : HikariPool-1 - Shutdown completed.
2021-11-03 16:12:20.258  INFO 12056 --- [main] t.e.spring.controller.EntrepriseTest     : Starting EntrepriseTest on LAPTOP-3287IHGU with PID 12056 (started by HP in C:\Users\HP\Desktop\5 twin1\Devops\devops\timesheet-devOps-master)
2021-11-03 16:12:20.260  INFO 12056 --- [main] t.e.spring.controller.EntrepriseTest     : No active profile set, falling back to default profiles: default
2021-11-03 16:12:20.883  INFO 12056 --- [main] .s.d.r.c.RepositoryConfigurationDelegate : Bootstrapping Spring Data repositories in DEFAULT mode.
2021-11-03 16:12:20.991  INFO 12056 --- [main] .s.d.r.c.RepositoryConfigurationDelegate : Finished Spring Data repository scanning in 98ms. Found 6 repository interfaces.
2021-11-03 16:12:21.458  INFO 12056 --- [main] trationDelegate$BeanPostProcessorChecker : Bean 'org.springframework.transaction.annotation.ProxyTransactionManagementConfiguration' of type [org.springframework.transaction.annotation.ProxyTransactionManagementConfiguration$$EnhancerBySpringCGLIB$$3e693d3] is not eligible for getting processed by all BeanPostProcessors (for example: not eligible for auto-proxying)
2021-11-03 16:12:21.679  INFO 12056 --- [main] com.zaxxer.hikari.HikariDataSource       : HikariPool-1 - Starting...
2021-11-03 16:12:21.798  INFO 12056 --- [main] com.zaxxer.hikari.HikariDataSource       : HikariPool-1 - Start completed.
2021-11-03 16:12:21.858  INFO 12056 --- [main] o.hibernate.jpa.internal.util.LogHelper  : HHH000204: Processing PersistenceUnitInfo [
	name: default
	...]
2021-11-03 16:12:21.991  INFO 12056 --- [main] org.hibernate.Version                    : HHH000412: Hibernate Core {5.3.9.Final}
2021-11-03 16:12:21.993  INFO 12056 --- [main] org.hibernate.cfg.Environment            : HHH000206: hibernate.properties not found
2021-11-03 16:12:22.130  INFO 12056 --- [main] o.hibernate.annotations.common.Version   : HCANN000001: Hibernate Commons Annotations {5.0.4.Final}
2021-11-03 16:12:22.527  INFO 12056 --- [main] org.hibernate.dialect.Dialect            : HHH000400: Using dialect: org.hibernate.dialect.MySQL5Dialect
2021-11-03 16:12:24.388  INFO 12056 --- [main] j.LocalContainerEntityManagerFactoryBean : Initialized JPA EntityManagerFactory for persistence unit 'default'
2021-11-03 16:12:25.015  INFO 12056 --- [main] o.h.h.i.QueryTranslatorFactoryInitiator  : HHH000397: Using ASTQueryTranslatorFactory
2021-11-03 16:12:27.038  INFO 12056 --- [main] o.s.s.concurrent.ThreadPoolTaskExecutor  : Initializing ExecutorService 'applicationTaskExecutor'
2021-11-03 16:12:27.173  WARN 12056 --- [main] aWebConfiguration$JpaWebMvcConfiguration : spring.jpa.open-in-view is enabled by default. Therefore, database queries may be performed during view rendering. Explicitly configure spring.jpa.open-in-view to disable this warning
2021-11-03 16:12:28.242  INFO 12056 --- [main] t.e.spring.controller.EntrepriseTest     : Started EntrepriseTest in 8.027 seconds (JVM running for 9.321)
2021-11-03 16:12:28.966  INFO 12056 --- [Thread-2] o.s.s.concurrent.ThreadPoolTaskExecutor  : Shutting down ExecutorService 'applicationTaskExecutor'
2021-11-03 16:12:28.971  INFO 12056 --- [Thread-2] j.LocalContainerEntityManagerFactoryBean : Closing JPA EntityManagerFactory for persistence unit 'default'
2021-11-03 16:12:28.973  INFO 12056 --- [Thread-2] com.zaxxer.hikari.HikariDataSource       : HikariPool-1 - Shutdown initiated...
2021-11-03 16:12:28.985  INFO 12056 --- [Thread-2] com.zaxxer.hikari.HikariDataSource       : HikariPool-1 - Shutdown completed.
2021-11-03 16:18:40.899  INFO 15864 --- [main] t.e.spring.controller.EntrepriseTest     : Starting EntrepriseTest on LAPTOP-3287IHGU with PID 15864 (started by HP in C:\Users\HP\Desktop\5 twin1\Devops\devops\timesheet-devOps-master)
2021-11-03 16:18:40.901  INFO 15864 --- [main] t.e.spring.controller.EntrepriseTest     : No active profile set, falling back to default profiles: default
2021-11-03 16:18:41.559  INFO 15864 --- [main] .s.d.r.c.RepositoryConfigurationDelegate : Bootstrapping Spring Data repositories in DEFAULT mode.
2021-11-03 16:18:41.670  INFO 15864 --- [main] .s.d.r.c.RepositoryConfigurationDelegate : Finished Spring Data repository scanning in 100ms. Found 6 repository interfaces.
2021-11-03 16:18:42.110  INFO 15864 --- [main] trationDelegate$BeanPostProcessorChecker : Bean 'org.springframework.transaction.annotation.ProxyTransactionManagementConfiguration' of type [org.springframework.transaction.annotation.ProxyTransactionManagementConfiguration$$EnhancerBySpringCGLIB$$3e693d3] is not eligible for getting processed by all BeanPostProcessors (for example: not eligible for auto-proxying)
2021-11-03 16:18:42.332  INFO 15864 --- [main] com.zaxxer.hikari.HikariDataSource       : HikariPool-1 - Starting...
2021-11-03 16:18:42.458  INFO 15864 --- [main] com.zaxxer.hikari.HikariDataSource       : HikariPool-1 - Start completed.
2021-11-03 16:18:42.521  INFO 15864 --- [main] o.hibernate.jpa.internal.util.LogHelper  : HHH000204: Processing PersistenceUnitInfo [
	name: default
	...]
2021-11-03 16:18:42.645  INFO 15864 --- [main] org.hibernate.Version                    : HHH000412: Hibernate Core {5.3.9.Final}
2021-11-03 16:18:42.651  INFO 15864 --- [main] org.hibernate.cfg.Environment            : HHH000206: hibernate.properties not found
2021-11-03 16:18:42.787  INFO 15864 --- [main] o.hibernate.annotations.common.Version   : HCANN000001: Hibernate Commons Annotations {5.0.4.Final}
2021-11-03 16:18:43.486  INFO 15864 --- [main] org.hibernate.dialect.Dialect            : HHH000400: Using dialect: org.hibernate.dialect.MySQL5Dialect
2021-11-03 16:18:44.657  INFO 15864 --- [main] j.LocalContainerEntityManagerFactoryBean : Initialized JPA EntityManagerFactory for persistence unit 'default'
2021-11-03 16:18:44.988  INFO 15864 --- [main] o.h.h.i.QueryTranslatorFactoryInitiator  : HHH000397: Using ASTQueryTranslatorFactory
2021-11-03 16:18:46.899  INFO 15864 --- [main] o.s.s.concurrent.ThreadPoolTaskExecutor  : Initializing ExecutorService 'applicationTaskExecutor'
2021-11-03 16:18:46.992  WARN 15864 --- [main] aWebConfiguration$JpaWebMvcConfiguration : spring.jpa.open-in-view is enabled by default. Therefore, database queries may be performed during view rendering. Explicitly configure spring.jpa.open-in-view to disable this warning
2021-11-03 16:18:47.453  INFO 15864 --- [main] t.e.spring.controller.EntrepriseTest     : Started EntrepriseTest in 6.816 seconds (JVM running for 7.579)
2021-11-03 16:18:47.657  INFO 15864 --- [Thread-2] o.s.s.concurrent.ThreadPoolTaskExecutor  : Shutting down ExecutorService 'applicationTaskExecutor'
2021-11-03 16:18:47.661  INFO 15864 --- [Thread-2] j.LocalContainerEntityManagerFactoryBean : Closing JPA EntityManagerFactory for persistence unit 'default'
2021-11-03 16:18:47.662  INFO 15864 --- [Thread-2] com.zaxxer.hikari.HikariDataSource       : HikariPool-1 - Shutdown initiated...
2021-11-03 16:18:47.668  INFO 15864 --- [Thread-2] com.zaxxer.hikari.HikariDataSource       : HikariPool-1 - Shutdown completed.
2021-11-03 16:19:33.760  INFO 6240 --- [main] t.e.spring.controller.EntrepriseTest     : Starting EntrepriseTest on LAPTOP-3287IHGU with PID 6240 (started by HP in C:\Users\HP\Desktop\5 twin1\Devops\devops\timesheet-devOps-master)
2021-11-03 16:19:33.762  INFO 6240 --- [main] t.e.spring.controller.EntrepriseTest     : No active profile set, falling back to default profiles: default
2021-11-03 16:19:34.399  INFO 6240 --- [main] .s.d.r.c.RepositoryConfigurationDelegate : Bootstrapping Spring Data repositories in DEFAULT mode.
2021-11-03 16:19:34.495  INFO 6240 --- [main] .s.d.r.c.RepositoryConfigurationDelegate : Finished Spring Data repository scanning in 90ms. Found 6 repository interfaces.
2021-11-03 16:19:34.919  INFO 6240 --- [main] trationDelegate$BeanPostProcessorChecker : Bean 'org.springframework.transaction.annotation.ProxyTransactionManagementConfiguration' of type [org.springframework.transaction.annotation.ProxyTransactionManagementConfiguration$$EnhancerBySpringCGLIB$$f257fa21] is not eligible for getting processed by all BeanPostProcessors (for example: not eligible for auto-proxying)
2021-11-03 16:19:35.126  INFO 6240 --- [main] com.zaxxer.hikari.HikariDataSource       : HikariPool-1 - Starting...
2021-11-03 16:19:35.245  INFO 6240 --- [main] com.zaxxer.hikari.HikariDataSource       : HikariPool-1 - Start completed.
2021-11-03 16:19:35.306  INFO 6240 --- [main] o.hibernate.jpa.internal.util.LogHelper  : HHH000204: Processing PersistenceUnitInfo [
	name: default
	...]
2021-11-03 16:19:35.467  INFO 6240 --- [main] org.hibernate.Version                    : HHH000412: Hibernate Core {5.3.9.Final}
2021-11-03 16:19:35.471  INFO 6240 --- [main] org.hibernate.cfg.Environment            : HHH000206: hibernate.properties not found
2021-11-03 16:19:35.601  INFO 6240 --- [main] o.hibernate.annotations.common.Version   : HCANN000001: Hibernate Commons Annotations {5.0.4.Final}
2021-11-03 16:19:35.985  INFO 6240 --- [main] org.hibernate.dialect.Dialect            : HHH000400: Using dialect: org.hibernate.dialect.MySQL5Dialect
2021-11-03 16:19:37.311  INFO 6240 --- [main] j.LocalContainerEntityManagerFactoryBean : Initialized JPA EntityManagerFactory for persistence unit 'default'
2021-11-03 16:19:37.648  INFO 6240 --- [main] o.h.h.i.QueryTranslatorFactoryInitiator  : HHH000397: Using ASTQueryTranslatorFactory
2021-11-03 16:19:38.729  INFO 6240 --- [main] o.s.s.concurrent.ThreadPoolTaskExecutor  : Initializing ExecutorService 'applicationTaskExecutor'
2021-11-03 16:19:38.795  WARN 6240 --- [main] aWebConfiguration$JpaWebMvcConfiguration : spring.jpa.open-in-view is enabled by default. Therefore, database queries may be performed during view rendering. Explicitly configure spring.jpa.open-in-view to disable this warning
2021-11-03 16:19:39.417  INFO 6240 --- [main] t.e.spring.controller.EntrepriseTest     : Started EntrepriseTest in 5.927 seconds (JVM running for 6.626)
2021-11-03 16:19:39.528  INFO 6240 --- [Thread-2] o.s.s.concurrent.ThreadPoolTaskExecutor  : Shutting down ExecutorService 'applicationTaskExecutor'
2021-11-03 16:19:39.530  INFO 6240 --- [Thread-2] j.LocalContainerEntityManagerFactoryBean : Closing JPA EntityManagerFactory for persistence unit 'default'
2021-11-03 16:19:39.533  INFO 6240 --- [Thread-2] com.zaxxer.hikari.HikariDataSource       : HikariPool-1 - Shutdown initiated...
2021-11-03 16:19:39.537  INFO 6240 --- [Thread-2] com.zaxxer.hikari.HikariDataSource       : HikariPool-1 - Shutdown completed.
2021-11-03 16:22:35.233  INFO 15364 --- [main] t.esprit.spring.controller.EmployeeTest  : Starting EmployeeTest on LAPTOP-3287IHGU with PID 15364 (started by HP in C:\Users\HP\Desktop\5 twin1\Devops\devops\timesheet-devOps-master)
2021-11-03 16:22:35.236  INFO 15364 --- [main] t.esprit.spring.controller.EmployeeTest  : No active profile set, falling back to default profiles: default
2021-11-03 16:22:36.414  INFO 15364 --- [main] .s.d.r.c.RepositoryConfigurationDelegate : Bootstrapping Spring Data repositories in DEFAULT mode.
2021-11-03 16:22:36.609  INFO 15364 --- [main] .s.d.r.c.RepositoryConfigurationDelegate : Finished Spring Data repository scanning in 175ms. Found 6 repository interfaces.
2021-11-03 16:22:37.372  INFO 15364 --- [main] trationDelegate$BeanPostProcessorChecker : Bean 'org.springframework.transaction.annotation.ProxyTransactionManagementConfiguration' of type [org.springframework.transaction.annotation.ProxyTransactionManagementConfiguration$$EnhancerBySpringCGLIB$$c2c8b097] is not eligible for getting processed by all BeanPostProcessors (for example: not eligible for auto-proxying)
2021-11-03 16:22:37.809  INFO 15364 --- [main] com.zaxxer.hikari.HikariDataSource       : HikariPool-1 - Starting...
2021-11-03 16:22:38.073  INFO 15364 --- [main] com.zaxxer.hikari.HikariDataSource       : HikariPool-1 - Start completed.
2021-11-03 16:22:38.217  INFO 15364 --- [main] o.hibernate.jpa.internal.util.LogHelper  : HHH000204: Processing PersistenceUnitInfo [
	name: default
	...]
2021-11-03 16:22:38.475  INFO 15364 --- [main] org.hibernate.Version                    : HHH000412: Hibernate Core {5.3.9.Final}
2021-11-03 16:22:38.480  INFO 15364 --- [main] org.hibernate.cfg.Environment            : HHH000206: hibernate.properties not found
2021-11-03 16:22:38.797  INFO 15364 --- [main] o.hibernate.annotations.common.Version   : HCANN000001: Hibernate Commons Annotations {5.0.4.Final}
2021-11-03 16:22:39.504  INFO 15364 --- [main] org.hibernate.dialect.Dialect            : HHH000400: Using dialect: org.hibernate.dialect.MySQL5Dialect
2021-11-03 16:22:40.980  INFO 15364 --- [main] j.LocalContainerEntityManagerFactoryBean : Initialized JPA EntityManagerFactory for persistence unit 'default'
2021-11-03 16:22:41.320  INFO 15364 --- [main] o.h.h.i.QueryTranslatorFactoryInitiator  : HHH000397: Using ASTQueryTranslatorFactory
2021-11-03 16:22:42.457  INFO 15364 --- [main] o.s.s.concurrent.ThreadPoolTaskExecutor  : Initializing ExecutorService 'applicationTaskExecutor'
2021-11-03 16:22:42.517  WARN 15364 --- [main] aWebConfiguration$JpaWebMvcConfiguration : spring.jpa.open-in-view is enabled by default. Therefore, database queries may be performed during view rendering. Explicitly configure spring.jpa.open-in-view to disable this warning
2021-11-03 16:22:43.092  INFO 15364 --- [main] t.esprit.spring.controller.EmployeeTest  : Started EmployeeTest in 8.375 seconds (JVM running for 9.883)
2021-11-03 16:22:44.032  INFO 15364 --- [Thread-2] o.s.s.concurrent.ThreadPoolTaskExecutor  : Shutting down ExecutorService 'applicationTaskExecutor'
2021-11-03 16:22:44.035  INFO 15364 --- [Thread-2] j.LocalContainerEntityManagerFactoryBean : Closing JPA EntityManagerFactory for persistence unit 'default'
2021-11-03 16:22:44.038  INFO 15364 --- [Thread-2] com.zaxxer.hikari.HikariDataSource       : HikariPool-1 - Shutdown initiated...
2021-11-03 16:22:44.047  INFO 15364 --- [Thread-2] com.zaxxer.hikari.HikariDataSource       : HikariPool-1 - Shutdown completed.
2021-11-03 16:23:25.440  INFO 10268 --- [main] t.e.spring.controller.EntrepriseTest     : Starting EntrepriseTest on LAPTOP-3287IHGU with PID 10268 (started by HP in C:\Users\HP\Desktop\5 twin1\Devops\devops\timesheet-devOps-master)
2021-11-03 16:23:25.441  INFO 10268 --- [main] t.e.spring.controller.EntrepriseTest     : No active profile set, falling back to default profiles: default
2021-11-03 16:23:26.268  INFO 10268 --- [main] .s.d.r.c.RepositoryConfigurationDelegate : Bootstrapping Spring Data repositories in DEFAULT mode.
2021-11-03 16:23:26.391  INFO 10268 --- [main] .s.d.r.c.RepositoryConfigurationDelegate : Finished Spring Data repository scanning in 115ms. Found 6 repository interfaces.
2021-11-03 16:23:26.778  INFO 10268 --- [main] trationDelegate$BeanPostProcessorChecker : Bean 'org.springframework.transaction.annotation.ProxyTransactionManagementConfiguration' of type [org.springframework.transaction.annotation.ProxyTransactionManagementConfiguration$$EnhancerBySpringCGLIB$$f257fa21] is not eligible for getting processed by all BeanPostProcessors (for example: not eligible for auto-proxying)
2021-11-03 16:23:26.983  INFO 10268 --- [main] com.zaxxer.hikari.HikariDataSource       : HikariPool-1 - Starting...
2021-11-03 16:23:27.176  INFO 10268 --- [main] com.zaxxer.hikari.HikariDataSource       : HikariPool-1 - Start completed.
2021-11-03 16:23:27.236  INFO 10268 --- [main] o.hibernate.jpa.internal.util.LogHelper  : HHH000204: Processing PersistenceUnitInfo [
	name: default
	...]
2021-11-03 16:23:27.350  INFO 10268 --- [main] org.hibernate.Version                    : HHH000412: Hibernate Core {5.3.9.Final}
2021-11-03 16:23:27.352  INFO 10268 --- [main] org.hibernate.cfg.Environment            : HHH000206: hibernate.properties not found
2021-11-03 16:23:27.475  INFO 10268 --- [main] o.hibernate.annotations.common.Version   : HCANN000001: Hibernate Commons Annotations {5.0.4.Final}
2021-11-03 16:23:27.872  INFO 10268 --- [main] org.hibernate.dialect.Dialect            : HHH000400: Using dialect: org.hibernate.dialect.MySQL5Dialect
2021-11-03 16:23:29.096  INFO 10268 --- [main] j.LocalContainerEntityManagerFactoryBean : Initialized JPA EntityManagerFactory for persistence unit 'default'
2021-11-03 16:23:29.424  INFO 10268 --- [main] o.h.h.i.QueryTranslatorFactoryInitiator  : HHH000397: Using ASTQueryTranslatorFactory
2021-11-03 16:23:30.641  INFO 10268 --- [main] o.s.s.concurrent.ThreadPoolTaskExecutor  : Initializing ExecutorService 'applicationTaskExecutor'
2021-11-03 16:23:30.700  WARN 10268 --- [main] aWebConfiguration$JpaWebMvcConfiguration : spring.jpa.open-in-view is enabled by default. Therefore, database queries may be performed during view rendering. Explicitly configure spring.jpa.open-in-view to disable this warning
2021-11-03 16:23:31.239  INFO 10268 --- [main] t.e.spring.controller.EntrepriseTest     : Started EntrepriseTest in 6.076 seconds (JVM running for 6.972)
2021-11-03 16:23:31.721  INFO 10268 --- [Thread-2] o.s.s.concurrent.ThreadPoolTaskExecutor  : Shutting down ExecutorService 'applicationTaskExecutor'
2021-11-03 16:23:31.726  INFO 10268 --- [Thread-2] j.LocalContainerEntityManagerFactoryBean : Closing JPA EntityManagerFactory for persistence unit 'default'
2021-11-03 16:23:31.726  INFO 10268 --- [Thread-2] com.zaxxer.hikari.HikariDataSource       : HikariPool-1 - Shutdown initiated...
2021-11-03 16:23:31.738  INFO 10268 --- [Thread-2] com.zaxxer.hikari.HikariDataSource       : HikariPool-1 - Shutdown completed.
2021-11-03 16:24:44.149  INFO 21584 --- [main] t.e.spring.controller.EntrepriseTest     : Starting EntrepriseTest on LAPTOP-3287IHGU with PID 21584 (started by HP in C:\Users\HP\Desktop\5 twin1\Devops\devops\timesheet-devOps-master)
2021-11-03 16:24:44.150  INFO 21584 --- [main] t.e.spring.controller.EntrepriseTest     : No active profile set, falling back to default profiles: default
2021-11-03 16:24:44.764  INFO 21584 --- [main] .s.d.r.c.RepositoryConfigurationDelegate : Bootstrapping Spring Data repositories in DEFAULT mode.
2021-11-03 16:24:44.869  INFO 21584 --- [main] .s.d.r.c.RepositoryConfigurationDelegate : Finished Spring Data repository scanning in 96ms. Found 6 repository interfaces.
2021-11-03 16:24:45.300  INFO 21584 --- [main] trationDelegate$BeanPostProcessorChecker : Bean 'org.springframework.transaction.annotation.ProxyTransactionManagementConfiguration' of type [org.springframework.transaction.annotation.ProxyTransactionManagementConfiguration$$EnhancerBySpringCGLIB$$3e693d3] is not eligible for getting processed by all BeanPostProcessors (for example: not eligible for auto-proxying)
2021-11-03 16:24:45.520  INFO 21584 --- [main] com.zaxxer.hikari.HikariDataSource       : HikariPool-1 - Starting...
2021-11-03 16:24:45.729  INFO 21584 --- [main] com.zaxxer.hikari.HikariDataSource       : HikariPool-1 - Start completed.
2021-11-03 16:24:45.822  INFO 21584 --- [main] o.hibernate.jpa.internal.util.LogHelper  : HHH000204: Processing PersistenceUnitInfo [
	name: default
	...]
2021-11-03 16:24:46.011  INFO 21584 --- [main] org.hibernate.Version                    : HHH000412: Hibernate Core {5.3.9.Final}
2021-11-03 16:24:46.020  INFO 21584 --- [main] org.hibernate.cfg.Environment            : HHH000206: hibernate.properties not found
2021-11-03 16:24:46.151  INFO 21584 --- [main] o.hibernate.annotations.common.Version   : HCANN000001: Hibernate Commons Annotations {5.0.4.Final}
2021-11-03 16:24:46.679  INFO 21584 --- [main] org.hibernate.dialect.Dialect            : HHH000400: Using dialect: org.hibernate.dialect.MySQL5Dialect
2021-11-03 16:24:48.116  INFO 21584 --- [main] j.LocalContainerEntityManagerFactoryBean : Initialized JPA EntityManagerFactory for persistence unit 'default'
2021-11-03 16:24:48.763  INFO 21584 --- [main] o.h.h.i.QueryTranslatorFactoryInitiator  : HHH000397: Using ASTQueryTranslatorFactory
2021-11-03 16:24:50.808  INFO 21584 --- [main] o.s.s.concurrent.ThreadPoolTaskExecutor  : Initializing ExecutorService 'applicationTaskExecutor'
2021-11-03 16:24:50.946  WARN 21584 --- [main] aWebConfiguration$JpaWebMvcConfiguration : spring.jpa.open-in-view is enabled by default. Therefore, database queries may be performed during view rendering. Explicitly configure spring.jpa.open-in-view to disable this warning
2021-11-03 16:24:52.114  INFO 21584 --- [main] t.e.spring.controller.EntrepriseTest     : Started EntrepriseTest in 8.24 seconds (JVM running for 8.949)
2021-11-03 16:24:52.931  INFO 21584 --- [Thread-2] o.s.s.concurrent.ThreadPoolTaskExecutor  : Shutting down ExecutorService 'applicationTaskExecutor'
2021-11-03 16:24:52.937  INFO 21584 --- [Thread-2] j.LocalContainerEntityManagerFactoryBean : Closing JPA EntityManagerFactory for persistence unit 'default'
2021-11-03 16:24:52.942  INFO 21584 --- [Thread-2] com.zaxxer.hikari.HikariDataSource       : HikariPool-1 - Shutdown initiated...
2021-11-03 16:24:52.951  INFO 21584 --- [Thread-2] com.zaxxer.hikari.HikariDataSource       : HikariPool-1 - Shutdown completed.
2021-11-03 16:25:17.917  INFO 24368 --- [main] t.e.spring.controller.EntrepriseTest     : Starting EntrepriseTest on LAPTOP-3287IHGU with PID 24368 (started by HP in C:\Users\HP\Desktop\5 twin1\Devops\devops\timesheet-devOps-master)
2021-11-03 16:25:17.920  INFO 24368 --- [main] t.e.spring.controller.EntrepriseTest     : No active profile set, falling back to default profiles: default
2021-11-03 16:25:18.549  INFO 24368 --- [main] .s.d.r.c.RepositoryConfigurationDelegate : Bootstrapping Spring Data repositories in DEFAULT mode.
2021-11-03 16:25:18.696  INFO 24368 --- [main] .s.d.r.c.RepositoryConfigurationDelegate : Finished Spring Data repository scanning in 135ms. Found 6 repository interfaces.
2021-11-03 16:25:19.108  INFO 24368 --- [main] trationDelegate$BeanPostProcessorChecker : Bean 'org.springframework.transaction.annotation.ProxyTransactionManagementConfiguration' of type [org.springframework.transaction.annotation.ProxyTransactionManagementConfiguration$$EnhancerBySpringCGLIB$$3e693d3] is not eligible for getting processed by all BeanPostProcessors (for example: not eligible for auto-proxying)
2021-11-03 16:25:19.350  INFO 24368 --- [main] com.zaxxer.hikari.HikariDataSource       : HikariPool-1 - Starting...
2021-11-03 16:25:19.474  INFO 24368 --- [main] com.zaxxer.hikari.HikariDataSource       : HikariPool-1 - Start completed.
2021-11-03 16:25:19.541  INFO 24368 --- [main] o.hibernate.jpa.internal.util.LogHelper  : HHH000204: Processing PersistenceUnitInfo [
	name: default
	...]
2021-11-03 16:25:19.726  INFO 24368 --- [main] org.hibernate.Version                    : HHH000412: Hibernate Core {5.3.9.Final}
2021-11-03 16:25:19.727  INFO 24368 --- [main] org.hibernate.cfg.Environment            : HHH000206: hibernate.properties not found
2021-11-03 16:25:19.857  INFO 24368 --- [main] o.hibernate.annotations.common.Version   : HCANN000001: Hibernate Commons Annotations {5.0.4.Final}
2021-11-03 16:25:20.252  INFO 24368 --- [main] org.hibernate.dialect.Dialect            : HHH000400: Using dialect: org.hibernate.dialect.MySQL5Dialect
2021-11-03 16:25:21.324  INFO 24368 --- [main] j.LocalContainerEntityManagerFactoryBean : Initialized JPA EntityManagerFactory for persistence unit 'default'
2021-11-03 16:25:21.640  INFO 24368 --- [main] o.h.h.i.QueryTranslatorFactoryInitiator  : HHH000397: Using ASTQueryTranslatorFactory
2021-11-03 16:25:22.735  INFO 24368 --- [main] o.s.s.concurrent.ThreadPoolTaskExecutor  : Initializing ExecutorService 'applicationTaskExecutor'
2021-11-03 16:25:22.825  WARN 24368 --- [main] aWebConfiguration$JpaWebMvcConfiguration : spring.jpa.open-in-view is enabled by default. Therefore, database queries may be performed during view rendering. Explicitly configure spring.jpa.open-in-view to disable this warning
2021-11-03 16:25:23.370  INFO 24368 --- [main] t.e.spring.controller.EntrepriseTest     : Started EntrepriseTest in 5.731 seconds (JVM running for 6.433)
2021-11-03 16:25:23.835  INFO 24368 --- [Thread-2] o.s.s.concurrent.ThreadPoolTaskExecutor  : Shutting down ExecutorService 'applicationTaskExecutor'
2021-11-03 16:25:23.837  INFO 24368 --- [Thread-2] j.LocalContainerEntityManagerFactoryBean : Closing JPA EntityManagerFactory for persistence unit 'default'
2021-11-03 16:25:23.840  INFO 24368 --- [Thread-2] com.zaxxer.hikari.HikariDataSource       : HikariPool-1 - Shutdown initiated...
2021-11-03 16:25:23.845  INFO 24368 --- [Thread-2] com.zaxxer.hikari.HikariDataSource       : HikariPool-1 - Shutdown completed.
2021-11-03 16:25:49.434  INFO 16496 --- [main] t.esprit.spring.controller.EmployeeTest  : Starting EmployeeTest on LAPTOP-3287IHGU with PID 16496 (started by HP in C:\Users\HP\Desktop\5 twin1\Devops\devops\timesheet-devOps-master)
2021-11-03 16:25:49.435  INFO 16496 --- [main] t.esprit.spring.controller.EmployeeTest  : No active profile set, falling back to default profiles: default
2021-11-03 16:25:50.045  INFO 16496 --- [main] .s.d.r.c.RepositoryConfigurationDelegate : Bootstrapping Spring Data repositories in DEFAULT mode.
2021-11-03 16:25:50.123  INFO 16496 --- [main] .s.d.r.c.RepositoryConfigurationDelegate : Finished Spring Data repository scanning in 72ms. Found 6 repository interfaces.
2021-11-03 16:25:50.486  INFO 16496 --- [main] trationDelegate$BeanPostProcessorChecker : Bean 'org.springframework.transaction.annotation.ProxyTransactionManagementConfiguration' of type [org.springframework.transaction.annotation.ProxyTransactionManagementConfiguration$$EnhancerBySpringCGLIB$$b1710394] is not eligible for getting processed by all BeanPostProcessors (for example: not eligible for auto-proxying)
2021-11-03 16:25:50.709  INFO 16496 --- [main] com.zaxxer.hikari.HikariDataSource       : HikariPool-1 - Starting...
2021-11-03 16:25:50.844  INFO 16496 --- [main] com.zaxxer.hikari.HikariDataSource       : HikariPool-1 - Start completed.
2021-11-03 16:25:50.968  INFO 16496 --- [main] o.hibernate.jpa.internal.util.LogHelper  : HHH000204: Processing PersistenceUnitInfo [
	name: default
	...]
2021-11-03 16:25:51.025  INFO 16496 --- [main] org.hibernate.Version                    : HHH000412: Hibernate Core {5.3.9.Final}
2021-11-03 16:25:51.030  INFO 16496 --- [main] org.hibernate.cfg.Environment            : HHH000206: hibernate.properties not found
2021-11-03 16:25:51.167  INFO 16496 --- [main] o.hibernate.annotations.common.Version   : HCANN000001: Hibernate Commons Annotations {5.0.4.Final}
2021-11-03 16:25:51.566  INFO 16496 --- [main] org.hibernate.dialect.Dialect            : HHH000400: Using dialect: org.hibernate.dialect.MySQL5Dialect
2021-11-03 16:25:52.932  INFO 16496 --- [main] j.LocalContainerEntityManagerFactoryBean : Initialized JPA EntityManagerFactory for persistence unit 'default'
2021-11-03 16:25:53.245  INFO 16496 --- [main] o.h.h.i.QueryTranslatorFactoryInitiator  : HHH000397: Using ASTQueryTranslatorFactory
2021-11-03 16:25:54.307  INFO 16496 --- [main] o.s.s.concurrent.ThreadPoolTaskExecutor  : Initializing ExecutorService 'applicationTaskExecutor'
2021-11-03 16:25:54.372  WARN 16496 --- [main] aWebConfiguration$JpaWebMvcConfiguration : spring.jpa.open-in-view is enabled by default. Therefore, database queries may be performed during view rendering. Explicitly configure spring.jpa.open-in-view to disable this warning
2021-11-03 16:25:54.832  INFO 16496 --- [main] t.esprit.spring.controller.EmployeeTest  : Started EmployeeTest in 5.62 seconds (JVM running for 6.309)
2021-11-03 16:25:55.595  INFO 16496 --- [main] .b.t.c.SpringBootTestContextBootstrapper : Neither @ContextConfiguration nor @ContextHierarchy found for test class [tn.esprit.spring.controller.EntrepriseTest], using SpringBootContextLoader
2021-11-03 16:25:55.596  INFO 16496 --- [main] o.s.t.c.support.AbstractContextLoader    : Could not detect default resource locations for test class [tn.esprit.spring.controller.EntrepriseTest]: no resource found for suffixes {-context.xml, Context.groovy}.
2021-11-03 16:25:55.596  INFO 16496 --- [main] t.c.s.AnnotationConfigContextLoaderUtils : Could not detect default configuration classes for test class [tn.esprit.spring.controller.EntrepriseTest]: EntrepriseTest does not declare any static, non-private, non-final, nested classes annotated with @Configuration.
2021-11-03 16:25:55.597  INFO 16496 --- [main] .b.t.c.SpringBootTestContextBootstrapper : Found @SpringBootConfiguration tn.esprit.spring.TimesheetSpringBootCoreDataJpaMvcRest1Application for test class tn.esprit.spring.controller.EntrepriseTest
2021-11-03 16:25:55.598  INFO 16496 --- [main] .b.t.c.SpringBootTestContextBootstrapper : Loaded default TestExecutionListener class names from location [META-INF/spring.factories]: [org.springframework.boot.test.mock.mockito.MockitoTestExecutionListener, org.springframework.boot.test.mock.mockito.ResetMocksTestExecutionListener, org.springframework.boot.test.autoconfigure.restdocs.RestDocsTestExecutionListener, org.springframework.boot.test.autoconfigure.web.client.MockRestServiceServerResetTestExecutionListener, org.springframework.boot.test.autoconfigure.web.servlet.MockMvcPrintOnlyOnFailureTestExecutionListener, org.springframework.boot.test.autoconfigure.web.servlet.WebDriverTestExecutionListener, org.springframework.test.context.web.ServletTestExecutionListener, org.springframework.test.context.support.DirtiesContextBeforeModesTestExecutionListener, org.springframework.test.context.support.DependencyInjectionTestExecutionListener, org.springframework.test.context.support.DirtiesContextTestExecutionListener, org.springframework.test.context.transaction.TransactionalTestExecutionListener, org.springframework.test.context.jdbc.SqlScriptsTestExecutionListener]
2021-11-03 16:25:55.599  INFO 16496 --- [main] .b.t.c.SpringBootTestContextBootstrapper : Using TestExecutionListeners: [org.springframework.test.context.web.ServletTestExecutionListener@499c4d61, org.springframework.test.context.support.DirtiesContextBeforeModesTestExecutionListener@74badf19, org.springframework.boot.test.mock.mockito.MockitoTestExecutionListener@59b3f754, org.springframework.boot.test.autoconfigure.SpringBootDependencyInjectionTestExecutionListener@18dbc1b, org.springframework.test.context.support.DirtiesContextTestExecutionListener@2a510e0e, org.springframework.test.context.transaction.TransactionalTestExecutionListener@8315e4a, org.springframework.test.context.jdbc.SqlScriptsTestExecutionListener@4efe014f, org.springframework.boot.test.mock.mockito.ResetMocksTestExecutionListener@22ff11ef, org.springframework.boot.test.autoconfigure.restdocs.RestDocsTestExecutionListener@7c5ac0, org.springframework.boot.test.autoconfigure.web.client.MockRestServiceServerResetTestExecutionListener@23d978b, org.springframework.boot.test.autoconfigure.web.servlet.MockMvcPrintOnlyOnFailureTestExecutionListener@3cf70afa, org.springframework.boot.test.autoconfigure.web.servlet.WebDriverTestExecutionListener@66dd04e2]
2021-11-03 16:25:55.752  INFO 16496 --- [Thread-2] o.s.s.concurrent.ThreadPoolTaskExecutor  : Shutting down ExecutorService 'applicationTaskExecutor'
2021-11-03 16:25:55.757  INFO 16496 --- [Thread-2] j.LocalContainerEntityManagerFactoryBean : Closing JPA EntityManagerFactory for persistence unit 'default'
2021-11-03 16:25:55.759  INFO 16496 --- [Thread-2] com.zaxxer.hikari.HikariDataSource       : HikariPool-1 - Shutdown initiated...
2021-11-03 16:25:55.764  INFO 16496 --- [Thread-2] com.zaxxer.hikari.HikariDataSource       : HikariPool-1 - Shutdown completed.
2021-11-03 16:33:44.236  INFO 13252 --- [main] t.esprit.spring.controller.EmployeeTest  : Starting EmployeeTest on LAPTOP-3287IHGU with PID 13252 (started by HP in C:\Users\HP\Desktop\5 twin1\Devops\devops\timesheet-devOps-master)
2021-11-03 16:33:44.240  INFO 13252 --- [main] t.esprit.spring.controller.EmployeeTest  : No active profile set, falling back to default profiles: default
2021-11-03 16:33:45.515  INFO 13252 --- [main] .s.d.r.c.RepositoryConfigurationDelegate : Bootstrapping Spring Data repositories in DEFAULT mode.
2021-11-03 16:33:45.710  INFO 13252 --- [main] .s.d.r.c.RepositoryConfigurationDelegate : Finished Spring Data repository scanning in 175ms. Found 6 repository interfaces.
2021-11-03 16:33:46.387  INFO 13252 --- [main] trationDelegate$BeanPostProcessorChecker : Bean 'org.springframework.transaction.annotation.ProxyTransactionManagementConfiguration' of type [org.springframework.transaction.annotation.ProxyTransactionManagementConfiguration$$EnhancerBySpringCGLIB$$b7a0e778] is not eligible for getting processed by all BeanPostProcessors (for example: not eligible for auto-proxying)
2021-11-03 16:33:46.870  INFO 13252 --- [main] com.zaxxer.hikari.HikariDataSource       : HikariPool-1 - Starting...
2021-11-03 16:33:47.408  INFO 13252 --- [main] com.zaxxer.hikari.HikariDataSource       : HikariPool-1 - Start completed.
2021-11-03 16:33:47.652  INFO 13252 --- [main] o.hibernate.jpa.internal.util.LogHelper  : HHH000204: Processing PersistenceUnitInfo [
	name: default
	...]
2021-11-03 16:33:47.781  INFO 13252 --- [main] org.hibernate.Version                    : HHH000412: Hibernate Core {5.3.9.Final}
2021-11-03 16:33:47.786  INFO 13252 --- [main] org.hibernate.cfg.Environment            : HHH000206: hibernate.properties not found
2021-11-03 16:33:48.074  INFO 13252 --- [main] o.hibernate.annotations.common.Version   : HCANN000001: Hibernate Commons Annotations {5.0.4.Final}
2021-11-03 16:33:49.038  INFO 13252 --- [main] org.hibernate.dialect.Dialect            : HHH000400: Using dialect: org.hibernate.dialect.MySQL5Dialect
2021-11-03 16:33:52.388  INFO 13252 --- [main] j.LocalContainerEntityManagerFactoryBean : Initialized JPA EntityManagerFactory for persistence unit 'default'
2021-11-03 16:33:53.154  INFO 13252 --- [main] o.h.h.i.QueryTranslatorFactoryInitiator  : HHH000397: Using ASTQueryTranslatorFactory
2021-11-03 16:33:54.726  INFO 13252 --- [main] o.s.s.concurrent.ThreadPoolTaskExecutor  : Initializing ExecutorService 'applicationTaskExecutor'
2021-11-03 16:33:54.792  WARN 13252 --- [main] aWebConfiguration$JpaWebMvcConfiguration : spring.jpa.open-in-view is enabled by default. Therefore, database queries may be performed during view rendering. Explicitly configure spring.jpa.open-in-view to disable this warning
2021-11-03 16:33:55.283  INFO 13252 --- [main] t.esprit.spring.controller.EmployeeTest  : Started EmployeeTest in 11.59 seconds (JVM running for 13.019)
2021-11-03 16:33:56.035  INFO 13252 --- [main] .b.t.c.SpringBootTestContextBootstrapper : Neither @ContextConfiguration nor @ContextHierarchy found for test class [tn.esprit.spring.controller.EntrepriseTest], using SpringBootContextLoader
2021-11-03 16:33:56.036  INFO 13252 --- [main] o.s.t.c.support.AbstractContextLoader    : Could not detect default resource locations for test class [tn.esprit.spring.controller.EntrepriseTest]: no resource found for suffixes {-context.xml, Context.groovy}.
2021-11-03 16:33:56.036  INFO 13252 --- [main] t.c.s.AnnotationConfigContextLoaderUtils : Could not detect default configuration classes for test class [tn.esprit.spring.controller.EntrepriseTest]: EntrepriseTest does not declare any static, non-private, non-final, nested classes annotated with @Configuration.
2021-11-03 16:33:56.038  INFO 13252 --- [main] .b.t.c.SpringBootTestContextBootstrapper : Found @SpringBootConfiguration tn.esprit.spring.TimesheetSpringBootCoreDataJpaMvcRest1Application for test class tn.esprit.spring.controller.EntrepriseTest
2021-11-03 16:33:56.040  INFO 13252 --- [main] .b.t.c.SpringBootTestContextBootstrapper : Loaded default TestExecutionListener class names from location [META-INF/spring.factories]: [org.springframework.boot.test.mock.mockito.MockitoTestExecutionListener, org.springframework.boot.test.mock.mockito.ResetMocksTestExecutionListener, org.springframework.boot.test.autoconfigure.restdocs.RestDocsTestExecutionListener, org.springframework.boot.test.autoconfigure.web.client.MockRestServiceServerResetTestExecutionListener, org.springframework.boot.test.autoconfigure.web.servlet.MockMvcPrintOnlyOnFailureTestExecutionListener, org.springframework.boot.test.autoconfigure.web.servlet.WebDriverTestExecutionListener, org.springframework.test.context.web.ServletTestExecutionListener, org.springframework.test.context.support.DirtiesContextBeforeModesTestExecutionListener, org.springframework.test.context.support.DependencyInjectionTestExecutionListener, org.springframework.test.context.support.DirtiesContextTestExecutionListener, org.springframework.test.context.transaction.TransactionalTestExecutionListener, org.springframework.test.context.jdbc.SqlScriptsTestExecutionListener]
2021-11-03 16:33:56.041  INFO 13252 --- [main] .b.t.c.SpringBootTestContextBootstrapper : Using TestExecutionListeners: [org.springframework.test.context.web.ServletTestExecutionListener@36a1fd20, org.springframework.test.context.support.DirtiesContextBeforeModesTestExecutionListener@45f8415b, org.springframework.boot.test.mock.mockito.MockitoTestExecutionListener@10dbf660, org.springframework.boot.test.autoconfigure.SpringBootDependencyInjectionTestExecutionListener@69ab2d6a, org.springframework.test.context.support.DirtiesContextTestExecutionListener@505a8582, org.springframework.test.context.transaction.TransactionalTestExecutionListener@57afe44b, org.springframework.test.context.jdbc.SqlScriptsTestExecutionListener@18887028, org.springframework.boot.test.mock.mockito.ResetMocksTestExecutionListener@28f8ce2e, org.springframework.boot.test.autoconfigure.restdocs.RestDocsTestExecutionListener@2c0a3826, org.springframework.boot.test.autoconfigure.web.client.MockRestServiceServerResetTestExecutionListener@4af0c50, org.springframework.boot.test.autoconfigure.web.servlet.MockMvcPrintOnlyOnFailureTestExecutionListener@5ffd35dd, org.springframework.boot.test.autoconfigure.web.servlet.WebDriverTestExecutionListener@311a09b2]
2021-11-03 16:33:56.222  INFO 13252 --- [Thread-2] o.s.s.concurrent.ThreadPoolTaskExecutor  : Shutting down ExecutorService 'applicationTaskExecutor'
2021-11-03 16:33:56.225  INFO 13252 --- [Thread-2] j.LocalContainerEntityManagerFactoryBean : Closing JPA EntityManagerFactory for persistence unit 'default'
2021-11-03 16:33:56.228  INFO 13252 --- [Thread-2] com.zaxxer.hikari.HikariDataSource       : HikariPool-1 - Shutdown initiated...
2021-11-03 16:33:56.242  INFO 13252 --- [Thread-2] com.zaxxer.hikari.HikariDataSource       : HikariPool-1 - Shutdown completed.
2021-11-03 16:38:08.922  INFO 8204 --- [main] t.esprit.spring.controller.EmployeeTest  : Starting EmployeeTest on LAPTOP-3287IHGU with PID 8204 (started by HP in C:\Users\HP\Desktop\5 twin1\Devops\devops\timesheet-devOps-master)
2021-11-03 16:38:08.948  INFO 8204 --- [main] t.esprit.spring.controller.EmployeeTest  : No active profile set, falling back to default profiles: default
2021-11-03 16:38:09.706  INFO 8204 --- [main] .s.d.r.c.RepositoryConfigurationDelegate : Bootstrapping Spring Data repositories in DEFAULT mode.
2021-11-03 16:38:09.838  INFO 8204 --- [main] .s.d.r.c.RepositoryConfigurationDelegate : Finished Spring Data repository scanning in 114ms. Found 6 repository interfaces.
2021-11-03 16:38:10.453  INFO 8204 --- [main] trationDelegate$BeanPostProcessorChecker : Bean 'org.springframework.transaction.annotation.ProxyTransactionManagementConfiguration' of type [org.springframework.transaction.annotation.ProxyTransactionManagementConfiguration$$EnhancerBySpringCGLIB$$7a6a838a] is not eligible for getting processed by all BeanPostProcessors (for example: not eligible for auto-proxying)
2021-11-03 16:38:10.705  INFO 8204 --- [main] com.zaxxer.hikari.HikariDataSource       : HikariPool-1 - Starting...
2021-11-03 16:38:10.949  INFO 8204 --- [main] com.zaxxer.hikari.HikariDataSource       : HikariPool-1 - Start completed.
2021-11-03 16:38:11.119  INFO 8204 --- [main] o.hibernate.jpa.internal.util.LogHelper  : HHH000204: Processing PersistenceUnitInfo [
	name: default
	...]
2021-11-03 16:38:11.213  INFO 8204 --- [main] org.hibernate.Version                    : HHH000412: Hibernate Core {5.3.9.Final}
2021-11-03 16:38:11.214  INFO 8204 --- [main] org.hibernate.cfg.Environment            : HHH000206: hibernate.properties not found
2021-11-03 16:38:11.377  INFO 8204 --- [main] o.hibernate.annotations.common.Version   : HCANN000001: Hibernate Commons Annotations {5.0.4.Final}
2021-11-03 16:38:11.818  INFO 8204 --- [main] org.hibernate.dialect.Dialect            : HHH000400: Using dialect: org.hibernate.dialect.MySQL5Dialect
2021-11-03 16:38:15.240  INFO 8204 --- [main] j.LocalContainerEntityManagerFactoryBean : Initialized JPA EntityManagerFactory for persistence unit 'default'
2021-11-03 16:38:16.041  INFO 8204 --- [main] o.h.h.i.QueryTranslatorFactoryInitiator  : HHH000397: Using ASTQueryTranslatorFactory
2021-11-03 16:38:18.779  INFO 8204 --- [main] o.s.s.concurrent.ThreadPoolTaskExecutor  : Initializing ExecutorService 'applicationTaskExecutor'
2021-11-03 16:38:18.890  WARN 8204 --- [main] aWebConfiguration$JpaWebMvcConfiguration : spring.jpa.open-in-view is enabled by default. Therefore, database queries may be performed during view rendering. Explicitly configure spring.jpa.open-in-view to disable this warning
2021-11-03 16:38:20.086  INFO 8204 --- [main] t.esprit.spring.controller.EmployeeTest  : Started EmployeeTest in 11.41 seconds (JVM running for 12.281)
2021-11-03 16:38:22.627  INFO 8204 --- [main] .b.t.c.SpringBootTestContextBootstrapper : Neither @ContextConfiguration nor @ContextHierarchy found for test class [tn.esprit.spring.controller.EntrepriseTest], using SpringBootContextLoader
2021-11-03 16:38:22.627  INFO 8204 --- [main] o.s.t.c.support.AbstractContextLoader    : Could not detect default resource locations for test class [tn.esprit.spring.controller.EntrepriseTest]: no resource found for suffixes {-context.xml, Context.groovy}.
2021-11-03 16:38:22.627  INFO 8204 --- [main] t.c.s.AnnotationConfigContextLoaderUtils : Could not detect default configuration classes for test class [tn.esprit.spring.controller.EntrepriseTest]: EntrepriseTest does not declare any static, non-private, non-final, nested classes annotated with @Configuration.
2021-11-03 16:38:22.635  INFO 8204 --- [main] .b.t.c.SpringBootTestContextBootstrapper : Found @SpringBootConfiguration tn.esprit.spring.TimesheetSpringBootCoreDataJpaMvcRest1Application for test class tn.esprit.spring.controller.EntrepriseTest
2021-11-03 16:38:22.635  INFO 8204 --- [main] .b.t.c.SpringBootTestContextBootstrapper : Loaded default TestExecutionListener class names from location [META-INF/spring.factories]: [org.springframework.boot.test.mock.mockito.MockitoTestExecutionListener, org.springframework.boot.test.mock.mockito.ResetMocksTestExecutionListener, org.springframework.boot.test.autoconfigure.restdocs.RestDocsTestExecutionListener, org.springframework.boot.test.autoconfigure.web.client.MockRestServiceServerResetTestExecutionListener, org.springframework.boot.test.autoconfigure.web.servlet.MockMvcPrintOnlyOnFailureTestExecutionListener, org.springframework.boot.test.autoconfigure.web.servlet.WebDriverTestExecutionListener, org.springframework.test.context.web.ServletTestExecutionListener, org.springframework.test.context.support.DirtiesContextBeforeModesTestExecutionListener, org.springframework.test.context.support.DependencyInjectionTestExecutionListener, org.springframework.test.context.support.DirtiesContextTestExecutionListener, org.springframework.test.context.transaction.TransactionalTestExecutionListener, org.springframework.test.context.jdbc.SqlScriptsTestExecutionListener]
2021-11-03 16:38:22.639  INFO 8204 --- [main] .b.t.c.SpringBootTestContextBootstrapper : Using TestExecutionListeners: [org.springframework.test.context.web.ServletTestExecutionListener@86bf90b, org.springframework.test.context.support.DirtiesContextBeforeModesTestExecutionListener@5c13af01, org.springframework.boot.test.mock.mockito.MockitoTestExecutionListener@4aba7617, org.springframework.boot.test.autoconfigure.SpringBootDependencyInjectionTestExecutionListener@47c5cbf2, org.springframework.test.context.support.DirtiesContextTestExecutionListener@1031c1a0, org.springframework.test.context.transaction.TransactionalTestExecutionListener@519b0f00, org.springframework.test.context.jdbc.SqlScriptsTestExecutionListener@4888d1ea, org.springframework.boot.test.mock.mockito.ResetMocksTestExecutionListener@217b0952, org.springframework.boot.test.autoconfigure.restdocs.RestDocsTestExecutionListener@3fd9e01c, org.springframework.boot.test.autoconfigure.web.client.MockRestServiceServerResetTestExecutionListener@36330be8, org.springframework.boot.test.autoconfigure.web.servlet.MockMvcPrintOnlyOnFailureTestExecutionListener@38ba8b45, org.springframework.boot.test.autoconfigure.web.servlet.WebDriverTestExecutionListener@41f23499]
2021-11-03 16:38:22.987  INFO 8204 --- [Thread-2] o.s.s.concurrent.ThreadPoolTaskExecutor  : Shutting down ExecutorService 'applicationTaskExecutor'
2021-11-03 16:38:22.992  INFO 8204 --- [Thread-2] j.LocalContainerEntityManagerFactoryBean : Closing JPA EntityManagerFactory for persistence unit 'default'
2021-11-03 16:38:22.996  INFO 8204 --- [Thread-2] com.zaxxer.hikari.HikariDataSource       : HikariPool-1 - Shutdown initiated...
2021-11-03 16:38:23.001  INFO 8204 --- [Thread-2] com.zaxxer.hikari.HikariDataSource       : HikariPool-1 - Shutdown completed.
2021-11-03 17:35:58.892  INFO 15480 --- [main] t.esprit.spring.controller.EmployeeTest  : Starting EmployeeTest on LAPTOP-3287IHGU with PID 15480 (started by HP in C:\Users\HP\Desktop\5 twin1\Devops\devops\timesheet-devOps-master)
2021-11-03 17:35:58.915  INFO 15480 --- [main] t.esprit.spring.controller.EmployeeTest  : No active profile set, falling back to default profiles: default
2021-11-03 17:36:01.851  INFO 15480 --- [main] .s.d.r.c.RepositoryConfigurationDelegate : Bootstrapping Spring Data repositories in DEFAULT mode.
2021-11-03 17:36:02.288  INFO 15480 --- [main] .s.d.r.c.RepositoryConfigurationDelegate : Finished Spring Data repository scanning in 249ms. Found 6 repository interfaces.
2021-11-03 17:36:02.794  INFO 15480 --- [main] trationDelegate$BeanPostProcessorChecker : Bean 'org.springframework.transaction.annotation.ProxyTransactionManagementConfiguration' of type [org.springframework.transaction.annotation.ProxyTransactionManagementConfiguration$$EnhancerBySpringCGLIB$$5c5d2655] is not eligible for getting processed by all BeanPostProcessors (for example: not eligible for auto-proxying)
2021-11-03 17:36:03.729  INFO 15480 --- [main] com.zaxxer.hikari.HikariDataSource       : HikariPool-1 - Starting...
2021-11-03 17:36:05.342  INFO 15480 --- [main] com.zaxxer.hikari.HikariDataSource       : HikariPool-1 - Start completed.
2021-11-03 17:36:05.777  INFO 15480 --- [main] o.hibernate.jpa.internal.util.LogHelper  : HHH000204: Processing PersistenceUnitInfo [
	name: default
	...]
2021-11-03 17:36:06.042  INFO 15480 --- [main] org.hibernate.Version                    : HHH000412: Hibernate Core {5.3.9.Final}
2021-11-03 17:36:06.044  INFO 15480 --- [main] org.hibernate.cfg.Environment            : HHH000206: hibernate.properties not found
2021-11-03 17:36:06.612  INFO 15480 --- [main] o.hibernate.annotations.common.Version   : HCANN000001: Hibernate Commons Annotations {5.0.4.Final}
2021-11-03 17:36:07.163  INFO 15480 --- [main] org.hibernate.dialect.Dialect            : HHH000400: Using dialect: org.hibernate.dialect.MySQL5Dialect
2021-11-03 17:36:14.271  INFO 15480 --- [main] j.LocalContainerEntityManagerFactoryBean : Initialized JPA EntityManagerFactory for persistence unit 'default'
2021-11-03 17:36:16.522  INFO 15480 --- [main] o.h.h.i.QueryTranslatorFactoryInitiator  : HHH000397: Using ASTQueryTranslatorFactory
2021-11-03 17:36:19.336  INFO 15480 --- [main] o.s.s.concurrent.ThreadPoolTaskExecutor  : Initializing ExecutorService 'applicationTaskExecutor'
2021-11-03 17:36:19.478  WARN 15480 --- [main] aWebConfiguration$JpaWebMvcConfiguration : spring.jpa.open-in-view is enabled by default. Therefore, database queries may be performed during view rendering. Explicitly configure spring.jpa.open-in-view to disable this warning
2021-11-03 17:36:20.198  INFO 15480 --- [main] t.esprit.spring.controller.EmployeeTest  : Started EmployeeTest in 22.837 seconds (JVM running for 29.079)
2021-11-03 17:36:21.464  INFO 15480 --- [main] .b.t.c.SpringBootTestContextBootstrapper : Neither @ContextConfiguration nor @ContextHierarchy found for test class [tn.esprit.spring.controller.EntrepriseTest], using SpringBootContextLoader
2021-11-03 17:36:21.466  INFO 15480 --- [main] o.s.t.c.support.AbstractContextLoader    : Could not detect default resource locations for test class [tn.esprit.spring.controller.EntrepriseTest]: no resource found for suffixes {-context.xml, Context.groovy}.
2021-11-03 17:36:21.466  INFO 15480 --- [main] t.c.s.AnnotationConfigContextLoaderUtils : Could not detect default configuration classes for test class [tn.esprit.spring.controller.EntrepriseTest]: EntrepriseTest does not declare any static, non-private, non-final, nested classes annotated with @Configuration.
2021-11-03 17:36:21.469  INFO 15480 --- [main] .b.t.c.SpringBootTestContextBootstrapper : Found @SpringBootConfiguration tn.esprit.spring.TimesheetSpringBootCoreDataJpaMvcRest1Application for test class tn.esprit.spring.controller.EntrepriseTest
2021-11-03 17:36:21.472  INFO 15480 --- [main] .b.t.c.SpringBootTestContextBootstrapper : Loaded default TestExecutionListener class names from location [META-INF/spring.factories]: [org.springframework.boot.test.mock.mockito.MockitoTestExecutionListener, org.springframework.boot.test.mock.mockito.ResetMocksTestExecutionListener, org.springframework.boot.test.autoconfigure.restdocs.RestDocsTestExecutionListener, org.springframework.boot.test.autoconfigure.web.client.MockRestServiceServerResetTestExecutionListener, org.springframework.boot.test.autoconfigure.web.servlet.MockMvcPrintOnlyOnFailureTestExecutionListener, org.springframework.boot.test.autoconfigure.web.servlet.WebDriverTestExecutionListener, org.springframework.test.context.web.ServletTestExecutionListener, org.springframework.test.context.support.DirtiesContextBeforeModesTestExecutionListener, org.springframework.test.context.support.DependencyInjectionTestExecutionListener, org.springframework.test.context.support.DirtiesContextTestExecutionListener, org.springframework.test.context.transaction.TransactionalTestExecutionListener, org.springframework.test.context.jdbc.SqlScriptsTestExecutionListener]
2021-11-03 17:36:21.473  INFO 15480 --- [main] .b.t.c.SpringBootTestContextBootstrapper : Using TestExecutionListeners: [org.springframework.test.context.web.ServletTestExecutionListener@703cb756, org.springframework.test.context.support.DirtiesContextBeforeModesTestExecutionListener@5897aae1, org.springframework.boot.test.mock.mockito.MockitoTestExecutionListener@11dbcb3b, org.springframework.boot.test.autoconfigure.SpringBootDependencyInjectionTestExecutionListener@4aa517c3, org.springframework.test.context.support.DirtiesContextTestExecutionListener@5f369fc6, org.springframework.test.context.transaction.TransactionalTestExecutionListener@3a13f663, org.springframework.test.context.jdbc.SqlScriptsTestExecutionListener@75de7009, org.springframework.boot.test.mock.mockito.ResetMocksTestExecutionListener@17a77a7e, org.springframework.boot.test.autoconfigure.restdocs.RestDocsTestExecutionListener@7c840fe3, org.springframework.boot.test.autoconfigure.web.client.MockRestServiceServerResetTestExecutionListener@59014efe, org.springframework.boot.test.autoconfigure.web.servlet.MockMvcPrintOnlyOnFailureTestExecutionListener@5f5923ef, org.springframework.boot.test.autoconfigure.web.servlet.WebDriverTestExecutionListener@7381d6f0]
2021-11-03 17:36:21.862  INFO 15480 --- [Thread-2] o.s.s.concurrent.ThreadPoolTaskExecutor  : Shutting down ExecutorService 'applicationTaskExecutor'
2021-11-03 17:36:21.867  INFO 15480 --- [Thread-2] j.LocalContainerEntityManagerFactoryBean : Closing JPA EntityManagerFactory for persistence unit 'default'
2021-11-03 17:36:21.873  INFO 15480 --- [Thread-2] com.zaxxer.hikari.HikariDataSource       : HikariPool-1 - Shutdown initiated...
2021-11-03 17:36:21.886  INFO 15480 --- [Thread-2] com.zaxxer.hikari.HikariDataSource       : HikariPool-1 - Shutdown completed.
